"C:/Users/Jack/OneDrive/Documents/Unreal Projects/FPS_CPP/Content/FirstPerson/Textures/FirstPersonCrosshair.uasset" 0
"C:/Users/Jack/OneDrive/Documents/Unreal Projects/FPS_CPP/Content/FirstPerson/Textures/FirstPersonCrosshair.uexp" 1
"C:/Users/Jack/OneDrive/Documents/Unreal Projects/FPS_CPP/Content/FPWeapon/Materials/MaterialLayers/T_ML_FineRubber.uasset" 2
"C:/Users/Jack/OneDrive/Documents/Unreal Projects/FPS_CPP/Content/FPWeapon/Materials/MaterialLayers/T_ML_FineRubber.uexp" 3
"C:/Users/Jack/OneDrive/Documents/Unreal Projects/FPS_CPP/Content/FPWeapon/Materials/MaterialLayers/T_ML_FineRubber.ubulk" 4
"C:/Users/Jack/OneDrive/Documents/Unreal Projects/FPS_CPP/Content/Geometry/Meshes/CubeMaterial.uasset" 5
"C:/Users/Jack/OneDrive/Documents/Unreal Projects/FPS_CPP/Content/Geometry/Meshes/CubeMaterial.uexp" 6
"C:/Users/Jack/OneDrive/Documents/Unreal Projects/FPS_CPP/Content/Geometry/Meshes/1M_Cube_Chamfer.uasset" 7
"C:/Users/Jack/OneDrive/Documents/Unreal Projects/FPS_CPP/Content/Geometry/Meshes/1M_Cube_Chamfer.uexp" 8
"C:/Users/Jack/OneDrive/Documents/Unreal Projects/FPS_CPP/Content/Geometry/Meshes/TemplateFloor.uasset" 9
"C:/Users/Jack/OneDrive/Documents/Unreal Projects/FPS_CPP/Content/Geometry/Meshes/TemplateFloor.uexp" 10
"../../../Engine/Content/Animation/DefaultAnimBoneCompressionSettings.uasset" 11
"../../../Engine/Content/Animation/DefaultAnimBoneCompressionSettings.uexp" 12
"../../../Engine/Content/Animation/DefaultAnimCurveCompressionSettings.uasset" 13
"../../../Engine/Content/Animation/DefaultAnimCurveCompressionSettings.uexp" 14
"../../../Engine/Content/EngineMaterials/T_Default_Material_Grid_N.uasset" 15
"../../../Engine/Content/EngineMaterials/T_Default_Material_Grid_N.uexp" 16
"../../../Engine/Content/EngineMaterials/T_Default_Material_Grid_N.ubulk" 17
"../../../Engine/Content/EngineMaterials/T_Default_Material_Grid_M.uasset" 18
"../../../Engine/Content/EngineMaterials/T_Default_Material_Grid_M.uexp" 19
"../../../Engine/Content/EngineMaterials/T_Default_Material_Grid_M.ubulk" 20
"../../../Engine/Content/Functions/Engine_MaterialFunctions01/Opacity/CameraDepthFade.uasset" 21
"../../../Engine/Content/Functions/Engine_MaterialFunctions01/Opacity/CameraDepthFade.uexp" 22
"../../../Engine/Content/EngineMaterials/WorldGridMaterial.uasset" 23
"../../../Engine/Content/EngineMaterials/WorldGridMaterial.uexp" 24
"../../../Engine/Content/ArtTools/RenderToTexture/Meshes/S_1_Unit_Plane.uasset" 25
"../../../Engine/Content/ArtTools/RenderToTexture/Meshes/S_1_Unit_Plane.uexp" 26
"../../../Engine/Content/EngineMaterials/DefaultMaterial.uasset" 27
"../../../Engine/Content/EngineMaterials/DefaultMaterial.uexp" 28
"../../../Engine/Content/BasicShapes/Cone.uasset" 29
"../../../Engine/Content/BasicShapes/Cone.uexp" 30
"../../../Engine/Content/BasicShapes/Cube.uasset" 31
"../../../Engine/Content/BasicShapes/Cube.uexp" 32
"../../../Engine/Content/BasicShapes/Plane.uasset" 33
"../../../Engine/Content/BasicShapes/Plane.uexp" 34
"../../../Engine/Content/BasicShapes/Sphere.uasset" 35
"../../../Engine/Content/BasicShapes/Sphere.uexp" 36
"../../../Engine/Content/EditorLandscapeResources/DataLayer.uasset" 37
"../../../Engine/Content/EditorLandscapeResources/DataLayer.uexp" 38
"../../../Engine/Content/EditorLandscapeResources/DefaultAlphaTexture.uasset" 39
"../../../Engine/Content/EditorLandscapeResources/DefaultAlphaTexture.uexp" 40
"../../../Engine/Content/EditorMaterials/MAT_Groups_Toggle.uasset" 41
"../../../Engine/Content/EditorMaterials/MAT_Groups_Toggle.uexp" 42
"../../../Engine/Content/EditorMaterials/MAT_Groups_Visibility.uasset" 43
"../../../Engine/Content/EditorMaterials/MAT_Groups_Visibility.uexp" 44
"../../../Engine/Content/EditorMaterials/PreviewShadowIndicator.uasset" 45
"../../../Engine/Content/EditorMaterials/PreviewShadowIndicator.uexp" 46
"../../../Engine/Content/EditorMaterials/PreviewShadowIndicator.ubulk" 47
"../../../Engine/Content/EditorMaterials/PreviewShadowIndicatorMaterial.uasset" 48
"../../../Engine/Content/EditorMaterials/PreviewShadowIndicatorMaterial.uexp" 49
"../../../Engine/Content/EditorMaterials/MatineeGroups/MAT_ColorTrack.uasset" 50
"../../../Engine/Content/EditorMaterials/MatineeGroups/MAT_ColorTrack.uexp" 51
"../../../Engine/Content/EditorMaterials/MatineeGroups/MAT_Groups_Anim.uasset" 52
"../../../Engine/Content/EditorMaterials/MatineeGroups/MAT_Groups_Anim.uexp" 53
"../../../Engine/Content/EditorMaterials/MatineeGroups/MAT_Groups_AudioMaster.uasset" 54
"../../../Engine/Content/EditorMaterials/MatineeGroups/MAT_Groups_AudioMaster.uexp" 55
"../../../Engine/Content/EditorMaterials/MatineeGroups/MAT_Groups_Director.uasset" 56
"../../../Engine/Content/EditorMaterials/MatineeGroups/MAT_Groups_Director.uexp" 57
"../../../Engine/Content/EditorMaterials/MatineeGroups/MAT_Groups_Event.uasset" 58
"../../../Engine/Content/EditorMaterials/MatineeGroups/MAT_Groups_Event.uexp" 59
"../../../Engine/Content/EditorMaterials/MatineeGroups/MAT_Groups_Fade.uasset" 60
"../../../Engine/Content/EditorMaterials/MatineeGroups/MAT_Groups_Fade.uexp" 61
"../../../Engine/Content/EditorMaterials/MatineeGroups/MAT_Groups_Float.uasset" 62
"../../../Engine/Content/EditorMaterials/MatineeGroups/MAT_Groups_Float.uexp" 63
"../../../Engine/Content/EditorMaterials/MatineeGroups/MAT_Groups_Move.uasset" 64
"../../../Engine/Content/EditorMaterials/MatineeGroups/MAT_Groups_Move.uexp" 65
"../../../Engine/Content/EditorMaterials/MatineeGroups/MAT_Groups_Slomo.uasset" 66
"../../../Engine/Content/EditorMaterials/MatineeGroups/MAT_Groups_Slomo.uexp" 67
"../../../Engine/Content/EditorMaterials/MatineeGroups/MAT_Groups_Sound.uasset" 68
"../../../Engine/Content/EditorMaterials/MatineeGroups/MAT_Groups_Sound.uexp" 69
"../../../Engine/Content/EditorMaterials/MatineeGroups/MAT_Groups_Vector.uasset" 70
"../../../Engine/Content/EditorMaterials/MatineeGroups/MAT_Groups_Vector.uexp" 71
"../../../Engine/Content/EditorMaterials/ParticleSystems/PSysThumbnail_NoImage.uasset" 72
"../../../Engine/Content/EditorMaterials/ParticleSystems/PSysThumbnail_NoImage.uexp" 73
"../../../Engine/Content/EditorMaterials/ParticleSystems/PSysThumbnail_NoImage.ubulk" 74
"../../../Engine/Content/EditorMaterials/ParticleSystems/PSysThumbnail_OOD.uasset" 75
"../../../Engine/Content/EditorMaterials/ParticleSystems/PSysThumbnail_OOD.uexp" 76
"../../../Engine/Content/EditorMaterials/ParticleSystems/PSysThumbnail_OOD.ubulk" 77
"../../../Engine/Content/EditorMaterials/Camera/CineMat.uasset" 78
"../../../Engine/Content/EditorMaterials/Camera/CineMat.uexp" 79
"../../../Engine/Content/EditorMaterials/Camera/MI_CineMat_Rig.uasset" 80
"../../../Engine/Content/EditorMaterials/Camera/MI_CineMat_Rig.uexp" 81
"../../../Engine/Content/EditorMeshes/Camera/SM_CraneRig_Arm.uasset" 82
"../../../Engine/Content/EditorMeshes/Camera/SM_CraneRig_Arm.uexp" 83
"../../../Engine/Content/EditorMeshes/Camera/SM_CraneRig_Base.uasset" 84
"../../../Engine/Content/EditorMeshes/Camera/SM_CraneRig_Base.uexp" 85
"../../../Engine/Content/EditorMeshes/Camera/SM_CraneRig_Body.uasset" 86
"../../../Engine/Content/EditorMeshes/Camera/SM_CraneRig_Body.uexp" 87
"../../../Engine/Content/EditorMeshes/Camera/SM_CraneRig_Mount.uasset" 88
"../../../Engine/Content/EditorMeshes/Camera/SM_CraneRig_Mount.uexp" 89
"../../../Engine/Content/EditorMeshes/Camera/SM_RailRig_Mount.uasset" 90
"../../../Engine/Content/EditorMeshes/Camera/SM_RailRig_Mount.uexp" 91
"../../../Engine/Content/EditorMeshes/Camera/SM_RailRig_Track.uasset" 92
"../../../Engine/Content/EditorMeshes/Camera/SM_RailRig_Track.uexp" 93
"../../../Engine/Content/EditorResources/BSPVertex.uasset" 94
"../../../Engine/Content/EditorResources/BSPVertex.uexp" 95
"../../../Engine/Content/EditorResources/EmptyActor.uasset" 96
"../../../Engine/Content/EditorResources/EmptyActor.uexp" 97
"../../../Engine/Content/EditorResources/S_Actor.uasset" 98
"../../../Engine/Content/EditorResources/S_Actor.uexp" 99
"../../../Engine/Content/EditorResources/S_Actor.ubulk" 100
"../../../Engine/Content/EditorResources/S_Note.uasset" 101
"../../../Engine/Content/EditorResources/S_Note.uexp" 102
"../../../Engine/Content/EditorResources/S_Note.ubulk" 103
"../../../Engine/Content/EditorResources/S_Solver.uasset" 104
"../../../Engine/Content/EditorResources/S_Solver.uexp" 105
"../../../Engine/Content/EditorResources/S_Solver.ubulk" 106
"../../../Engine/Content/EditorResources/S_Terrain.uasset" 107
"../../../Engine/Content/EditorResources/S_Terrain.uexp" 108
"../../../Engine/Content/EditorResources/S_Terrain.ubulk" 109
"../../../Engine/Content/EditorResources/S_Trigger.uasset" 110
"../../../Engine/Content/EditorResources/S_Trigger.uexp" 111
"../../../Engine/Content/EditorResources/S_Trigger.ubulk" 112
"../../../Engine/Content/EditorResources/LightIcons/S_LightError.uasset" 113
"../../../Engine/Content/EditorResources/LightIcons/S_LightError.uexp" 114
"../../../Engine/Content/EditorResources/SequenceRecorder/Countdown.uasset" 115
"../../../Engine/Content/EditorResources/SequenceRecorder/Countdown.uexp" 116
"../../../Engine/Content/EditorResources/SequenceRecorder/RecordingIndicator.uasset" 117
"../../../Engine/Content/EditorResources/SequenceRecorder/RecordingIndicator.uexp" 118
"../../../Engine/Content/EngineDamageTypes/DmgTypeBP_Environmental.uasset" 119
"../../../Engine/Content/EngineDamageTypes/DmgTypeBP_Environmental.uexp" 120
"../../../Engine/Content/EngineDebugMaterials/DebugEditorMaterial.uasset" 121
"../../../Engine/Content/EngineDebugMaterials/DebugEditorMaterial.uexp" 122
"../../../Engine/Content/EngineDebugMaterials/DebugMeshMaterial.uasset" 123
"../../../Engine/Content/EngineDebugMaterials/DebugMeshMaterial.uexp" 124
"../../../Engine/Content/EngineDebugMaterials/M_SimpleUnlitTranslucent.uasset" 125
"../../../Engine/Content/EngineDebugMaterials/M_SimpleUnlitTranslucent.uexp" 126
"../../../Engine/Content/EngineDebugMaterials/VolumeToRender.uasset" 127
"../../../Engine/Content/EngineDebugMaterials/VolumeToRender.uexp" 128
"../../../Engine/Content/Functions/Engine_MaterialFunctions02/Utility/CameraDirectionVector.uasset" 129
"../../../Engine/Content/Functions/Engine_MaterialFunctions02/Utility/CameraDirectionVector.uexp" 130
"../../../Engine/Content/EngineDebugMaterials/M_VolumeRenderSphereTracePP.uasset" 131
"../../../Engine/Content/EngineDebugMaterials/M_VolumeRenderSphereTracePP.uexp" 132
"../../../Engine/Content/Functions/Engine_MaterialFunctions01/Shading/ConvertFromDiffSpec.uasset" 133
"../../../Engine/Content/Functions/Engine_MaterialFunctions01/Shading/ConvertFromDiffSpec.uexp" 134
"../../../Engine/Content/EngineDebugMaterials/VertexColorMaterial.uasset" 135
"../../../Engine/Content/EngineDebugMaterials/VertexColorMaterial.uexp" 136
"../../../Engine/Content/EngineDebugMaterials/WireframeMaterial.uasset" 137
"../../../Engine/Content/EngineDebugMaterials/WireframeMaterial.uexp" 138
"../../../Engine/Content/EngineFonts/Faces/RobotoRegular.uasset" 139
"../../../Engine/Content/EngineFonts/Faces/RobotoRegular.uexp" 140
"../../../Engine/Content/EngineFonts/Faces/RobotoRegular.ufont" 141
"../../../Engine/Content/EngineFonts/Faces/RobotoLight.uasset" 142
"../../../Engine/Content/EngineFonts/Faces/RobotoLight.uexp" 143
"../../../Engine/Content/EngineFonts/Faces/RobotoLight.ufont" 144
"../../../Engine/Content/EngineFonts/Faces/RobotoItalic.uasset" 145
"../../../Engine/Content/EngineFonts/Faces/RobotoItalic.uexp" 146
"../../../Engine/Content/EngineFonts/Faces/RobotoItalic.ufont" 147
"../../../Engine/Content/EngineFonts/Faces/RobotoBoldItalic.uasset" 148
"../../../Engine/Content/EngineFonts/Faces/RobotoBoldItalic.uexp" 149
"../../../Engine/Content/EngineFonts/Faces/RobotoBoldItalic.ufont" 150
"../../../Engine/Content/EngineFonts/Faces/RobotoBold.uasset" 151
"../../../Engine/Content/EngineFonts/Faces/RobotoBold.uexp" 152
"../../../Engine/Content/EngineFonts/Faces/RobotoBold.ufont" 153
"../../../Engine/Content/EngineFonts/Faces/DroidSansFallback.uasset" 154
"../../../Engine/Content/EngineFonts/Faces/DroidSansFallback.uexp" 155
"../../../Engine/Content/EngineFonts/Faces/DroidSansFallback.ufont" 156
"../../../Engine/Content/EngineFonts/Roboto.uasset" 157
"../../../Engine/Content/EngineFonts/Roboto.uexp" 158
"../../../Engine/Content/EngineMaterials/BaseFlattenNormalMap.uasset" 159
"../../../Engine/Content/EngineMaterials/BaseFlattenNormalMap.uexp" 160
"../../../Engine/Content/EngineMaterials/BaseFlattenGrayscaleMap.uasset" 161
"../../../Engine/Content/EngineMaterials/BaseFlattenGrayscaleMap.uexp" 162
"../../../Engine/Content/EngineMaterials/BaseFlattenEmissiveMap.uasset" 163
"../../../Engine/Content/EngineMaterials/BaseFlattenEmissiveMap.uexp" 164
"../../../Engine/Content/EngineMaterials/BaseFlattenDiffuseMap.uasset" 165
"../../../Engine/Content/EngineMaterials/BaseFlattenDiffuseMap.uexp" 166
"../../../Engine/Content/EngineMaterials/BaseFlattenMaterial.uasset" 167
"../../../Engine/Content/EngineMaterials/BaseFlattenMaterial.uexp" 168
"../../../Engine/Content/EngineMaterials/BlueNoise.uasset" 169
"../../../Engine/Content/EngineMaterials/BlueNoise.uexp" 170
"../../../Engine/Content/EngineMaterials/DefaultBloomKernel.uasset" 171
"../../../Engine/Content/EngineMaterials/DefaultBloomKernel.uexp" 172
"../../../Engine/Content/EngineMaterials/DefaultBokeh.uasset" 173
"../../../Engine/Content/EngineMaterials/DefaultBokeh.uexp" 174
"../../../Engine/Content/EngineMaterials/DefaultDiffuse.uasset" 175
"../../../Engine/Content/EngineMaterials/DefaultDiffuse.uexp" 176
"../../../Engine/Content/EngineMaterials/DefaultDiffuse.ubulk" 177
"../../../Engine/Content/EngineMaterials/DefaultDeferredDecalMaterial.uasset" 178
"../../../Engine/Content/EngineMaterials/DefaultDeferredDecalMaterial.uexp" 179
"../../../Engine/Content/EngineMaterials/DefaultLightFunctionMaterial.uasset" 180
"../../../Engine/Content/EngineMaterials/DefaultLightFunctionMaterial.uexp" 181
"../../../Engine/Content/EngineMaterials/DefaultPhysicalMaterial.uasset" 182
"../../../Engine/Content/EngineMaterials/DefaultPhysicalMaterial.uexp" 183
"../../../Engine/Content/Functions/Engine_MaterialFunctions02/Utility/BreakOutFloat2Components.uasset" 184
"../../../Engine/Content/Functions/Engine_MaterialFunctions02/Utility/BreakOutFloat2Components.uexp" 185
"../../../Engine/Content/EngineMaterials/DefaultPostProcessMaterial.uasset" 186
"../../../Engine/Content/EngineMaterials/DefaultPostProcessMaterial.uexp" 187
"../../../Engine/Content/EngineFonts/RobotoDistanceField.uasset" 188
"../../../Engine/Content/EngineFonts/RobotoDistanceField.uexp" 189
"../../../Engine/Content/EngineMaterials/DefaultTextMaterialOpaque.uasset" 190
"../../../Engine/Content/EngineMaterials/DefaultTextMaterialOpaque.uexp" 191
"../../../Engine/Content/EngineMaterials/DefaultWhiteGrid.uasset" 192
"../../../Engine/Content/EngineMaterials/DefaultWhiteGrid.uexp" 193
"../../../Engine/Content/EngineMaterials/DefaultWhiteGrid.ubulk" 194
"../../../Engine/Content/EngineMaterials/DefaultWhiteGrid_Low.uasset" 195
"../../../Engine/Content/EngineMaterials/DefaultWhiteGrid_Low.uexp" 196
"../../../Engine/Content/EngineMaterials/EmissiveMeshMaterial.uasset" 197
"../../../Engine/Content/EngineMaterials/EmissiveMeshMaterial.uexp" 198
"../../../Engine/Content/EngineMaterials/GizmoMaterial.uasset" 199
"../../../Engine/Content/EngineMaterials/GizmoMaterial.uexp" 200
"../../../Engine/Content/EngineMaterials/Good64x64TilingNoiseHighFreq.uasset" 201
"../../../Engine/Content/EngineMaterials/Good64x64TilingNoiseHighFreq.uexp" 202
"../../../Engine/Content/EngineMaterials/MiniFont.uasset" 203
"../../../Engine/Content/EngineMaterials/MiniFont.uexp" 204
"../../../Engine/Content/EngineMaterials/InvalidLightmapSettings.uasset" 205
"../../../Engine/Content/EngineMaterials/InvalidLightmapSettings.uexp" 206
"../../../Engine/Content/EngineMaterials/InvalidLightmapSettings.ubulk" 207
"../../../Engine/Content/EngineMaterials/M_InvalidLightmapSettings.uasset" 208
"../../../Engine/Content/EngineMaterials/M_InvalidLightmapSettings.uexp" 209
"../../../Engine/Content/Functions/Engine_MaterialFunctions02/WorldPositionOffset/CameraOffset.uasset" 210
"../../../Engine/Content/Functions/Engine_MaterialFunctions02/WorldPositionOffset/CameraOffset.uexp" 211
"../../../Engine/Content/EngineMaterials/PhAT_JointLimitMaterial.uasset" 212
"../../../Engine/Content/EngineMaterials/PhAT_JointLimitMaterial.uexp" 213
"../../../Engine/Content/EngineMaterials/DefaultCalibrationColor.uasset" 214
"../../../Engine/Content/EngineMaterials/DefaultCalibrationColor.uexp" 215
"../../../Engine/Content/EngineMaterials/PPM_DefaultCalibrationColor.uasset" 216
"../../../Engine/Content/EngineMaterials/PPM_DefaultCalibrationColor.uexp" 217
"../../../Engine/Content/EngineMaterials/DefaultCalibrationGrayscale.uasset" 218
"../../../Engine/Content/EngineMaterials/DefaultCalibrationGrayscale.uexp" 219
"../../../Engine/Content/EngineMaterials/PPM_DefaultCalibrationGrayscale.uasset" 220
"../../../Engine/Content/EngineMaterials/PPM_DefaultCalibrationGrayscale.uexp" 221
"../../../Engine/Content/EngineMaterials/PreintegratedSkinBRDF.uasset" 222
"../../../Engine/Content/EngineMaterials/PreintegratedSkinBRDF.uexp" 223
"../../../Engine/Content/EngineMaterials/RemoveSurfaceMaterial.uasset" 224
"../../../Engine/Content/EngineMaterials/RemoveSurfaceMaterial.uexp" 225
"../../../Engine/Content/EngineMaterials/WeightMapPlaceholderTexture.uasset" 226
"../../../Engine/Content/EngineMaterials/WeightMapPlaceholderTexture.uexp" 227
"../../../Engine/Content/EngineResources/WhiteSquareTexture.uasset" 228
"../../../Engine/Content/EngineResources/WhiteSquareTexture.uexp" 229
"../../../Engine/Content/EngineMaterials/Widget3DPassThrough.uasset" 230
"../../../Engine/Content/EngineMaterials/Widget3DPassThrough.uexp" 231
"../../../Engine/Content/EngineMaterials/Widget3DPassThrough_Masked.uasset" 232
"../../../Engine/Content/EngineMaterials/Widget3DPassThrough_Masked.uexp" 233
"../../../Engine/Content/EngineMaterials/Widget3DPassThrough_Opaque.uasset" 234
"../../../Engine/Content/EngineMaterials/Widget3DPassThrough_Opaque.uexp" 235
"../../../Engine/Content/EngineMaterials/Widget3DPassThrough_Masked_OneSided.uasset" 236
"../../../Engine/Content/EngineMaterials/Widget3DPassThrough_Masked_OneSided.uexp" 237
"../../../Engine/Content/EngineMaterials/Widget3DPassThrough_Opaque_OneSided.uasset" 238
"../../../Engine/Content/EngineMaterials/Widget3DPassThrough_Opaque_OneSided.uexp" 239
"../../../Engine/Content/EngineMaterials/Widget3DPassThrough_Translucent.uasset" 240
"../../../Engine/Content/EngineMaterials/Widget3DPassThrough_Translucent.uexp" 241
"../../../Engine/Content/EngineMaterials/Widget3DPassThrough_Translucent_OneSided.uasset" 242
"../../../Engine/Content/EngineMaterials/Widget3DPassThrough_Translucent_OneSided.uexp" 243
"../../../Engine/Content/EngineMeshes/Cylinder.uasset" 244
"../../../Engine/Content/EngineMeshes/Cylinder.uexp" 245
"../../../Engine/Content/EngineMeshes/Sphere.uasset" 246
"../../../Engine/Content/EngineMeshes/Sphere.uexp" 247
"../../../Engine/Content/EngineResources/DefaultTexture.uasset" 248
"../../../Engine/Content/EngineResources/DefaultTexture.uexp" 249
"../../../Engine/Content/EngineResources/DefaultTexture.ubulk" 250
"../../../Engine/Content/EngineResources/DefaultTextureCube.uasset" 251
"../../../Engine/Content/EngineResources/DefaultTextureCube.uexp" 252
"../../../Engine/Content/EngineResources/DefaultVolumeTexture2D.uasset" 253
"../../../Engine/Content/EngineResources/DefaultVolumeTexture2D.uexp" 254
"../../../Engine/Content/EngineResources/DefaultVolumeTexture.uasset" 255
"../../../Engine/Content/EngineResources/DefaultVolumeTexture.uexp" 256
"../../../Engine/Content/EngineResources/GradientTexture0.uasset" 257
"../../../Engine/Content/EngineResources/GradientTexture0.uexp" 258
"../../../Engine/Content/EngineSky/VolumetricClouds/T_NoiseShape64.uasset" 259
"../../../Engine/Content/EngineSky/VolumetricClouds/T_NoiseShape64.uexp" 260
"../../../Engine/Content/EngineSky/VolumetricClouds/T_NoiseShape64.ubulk" 261
"../../../Engine/Content/EngineSky/VolumetricClouds/T_VolumeNoiseShape64.uasset" 262
"../../../Engine/Content/EngineSky/VolumetricClouds/T_VolumeNoiseShape64.uexp" 263
"../../../Engine/Content/EngineSky/VolumetricClouds/T_NoiseErosion.uasset" 264
"../../../Engine/Content/EngineSky/VolumetricClouds/T_NoiseErosion.uexp" 265
"../../../Engine/Content/EngineSky/VolumetricClouds/T_NoiseErosion.ubulk" 266
"../../../Engine/Content/EngineSky/VolumetricClouds/T_VolumeNoiseErosion32.uasset" 267
"../../../Engine/Content/EngineSky/VolumetricClouds/T_VolumeNoiseErosion32.uexp" 268
"../../../Engine/Content/Functions/Engine_MaterialFunctions02/Utility/MakeFloat2.uasset" 269
"../../../Engine/Content/Functions/Engine_MaterialFunctions02/Utility/MakeFloat2.uexp" 270
"../../../Engine/Content/EngineSky/VolumetricClouds/CloudWeatherTexture.uasset" 271
"../../../Engine/Content/EngineSky/VolumetricClouds/CloudWeatherTexture.uexp" 272
"../../../Engine/Content/EngineSky/VolumetricClouds/CloudGradientTexture.uasset" 273
"../../../Engine/Content/EngineSky/VolumetricClouds/CloudGradientTexture.uexp" 274
"../../../Engine/Content/EngineSky/VolumetricClouds/m_SimpleVolumetricCloud.uasset" 275
"../../../Engine/Content/EngineSky/VolumetricClouds/m_SimpleVolumetricCloud.uexp" 276
"../../../Engine/Content/EngineSky/VolumetricClouds/m_SimpleVolumetricCloud_Inst.uasset" 277
"../../../Engine/Content/EngineSky/VolumetricClouds/m_SimpleVolumetricCloud_Inst.uexp" 278
"../../../Engine/Content/EngineSounds/Master.uasset" 279
"../../../Engine/Content/EngineSounds/Master.uexp" 280
"../../../Engine/Content/Functions/Engine_MaterialFunctions01/Shading/PowerToRoughness.uasset" 281
"../../../Engine/Content/Functions/Engine_MaterialFunctions01/Shading/PowerToRoughness.uexp" 282
"../../../Engine/Content/Maps/Templates/Thumbnails/Default.uasset" 283
"../../../Engine/Content/Maps/Templates/Thumbnails/Default.uexp" 284
"../../../Engine/Content/Maps/Templates/Thumbnails/TimeOfDay.uasset" 285
"../../../Engine/Content/Maps/Templates/Thumbnails/TimeOfDay.uexp" 286
"../../../Engine/Content/Maps/Templates/Thumbnails/VR-Basic.uasset" 287
"../../../Engine/Content/Maps/Templates/Thumbnails/VR-Basic.uexp" 288
"../../../Engine/Content/MobileResources/T_MobileControls_texture.uasset" 289
"../../../Engine/Content/MobileResources/T_MobileControls_texture.uexp" 290
"../../../Engine/Content/MobileResources/T_MobileMenu2.uasset" 291
"../../../Engine/Content/MobileResources/T_MobileMenu2.uexp" 292
"../../../Engine/Content/MobileResources/HUD/AnalogHat.uasset" 293
"../../../Engine/Content/MobileResources/HUD/AnalogHat.uexp" 294
"../../../Engine/Content/MobileResources/HUD/VirtualJoystick_Thumb.uasset" 295
"../../../Engine/Content/MobileResources/HUD/VirtualJoystick_Thumb.uexp" 296
"../../../Engine/Content/MobileResources/HUD/VirtualJoystick_Background.uasset" 297
"../../../Engine/Content/MobileResources/HUD/VirtualJoystick_Background.uexp" 298
"../../../Engine/Content/MobileResources/HUD/DefaultVirtualJoysticks.uasset" 299
"../../../Engine/Content/MobileResources/HUD/DefaultVirtualJoysticks.uexp" 300
"../../../Engine/Content/MobileResources/HUD/LeftVirtualJoystickOnly.uasset" 301
"../../../Engine/Content/MobileResources/HUD/LeftVirtualJoystickOnly.uexp" 302
"../../../Engine/Content/MobileResources/HUD/MobileHUDButton1_off.uasset" 303
"../../../Engine/Content/MobileResources/HUD/MobileHUDButton1_off.uexp" 304
"../../../Engine/Content/MobileResources/HUD/MobileHUDButton1_on.uasset" 305
"../../../Engine/Content/MobileResources/HUD/MobileHUDButton1_on.uexp" 306
"../../../Engine/Content/MobileResources/HUD/MobileHUDButton2_off.uasset" 307
"../../../Engine/Content/MobileResources/HUD/MobileHUDButton2_off.uexp" 308
"../../../Engine/Content/MobileResources/HUD/MobileHUDButton2_on.uasset" 309
"../../../Engine/Content/MobileResources/HUD/MobileHUDButton2_on.uexp" 310
"../../../Engine/Content/MobileResources/HUD/MobileHUDButton3.uasset" 311
"../../../Engine/Content/MobileResources/HUD/MobileHUDButton3.uexp" 312
"../../../Engine/Content/MobileResources/HUD/MobileHUDButtonFire.uasset" 313
"../../../Engine/Content/MobileResources/HUD/MobileHUDButtonFire.uexp" 314
"../../../Engine/Content/MobileResources/HUD/MobileHUDDirectionPad.uasset" 315
"../../../Engine/Content/MobileResources/HUD/MobileHUDDirectionPad.uexp" 316
"../../../Engine/Content/MobileResources/HUD/MobileHUDDirectionPad2.uasset" 317
"../../../Engine/Content/MobileResources/HUD/MobileHUDDirectionPad2.uexp" 318
"../../../Engine/Content/MobileResources/HUD/MobileHUDDirectionPad3.uasset" 319
"../../../Engine/Content/MobileResources/HUD/MobileHUDDirectionPad3.uexp" 320
"../../../Engine/Content/MobileResources/HUD/MobileHUDDirectionStick.uasset" 321
"../../../Engine/Content/MobileResources/HUD/MobileHUDDirectionStick.uexp" 322
"../../../Engine/Content/MobileResources/HUD/T_Castle_ThumbstickInner.uasset" 323
"../../../Engine/Content/MobileResources/HUD/T_Castle_ThumbstickInner.uexp" 324
"../../../Engine/Content/MobileResources/HUD/T_Castle_ThumbstickOutter.uasset" 325
"../../../Engine/Content/MobileResources/HUD/T_Castle_ThumbstickOutter.uexp" 326
"../../../Engine/Content/Tutorial/ContentIntroCurve.uasset" 327
"../../../Engine/Content/Tutorial/ContentIntroCurve.uexp" 328
"../../../Engine/Content/Tutorial/Basics/TutorialAssets/icon_tab_Levels_40x.uasset" 329
"../../../Engine/Content/Tutorial/Basics/TutorialAssets/icon_tab_Levels_40x.uexp" 330
"../../../Engine/Content/Tutorial/BlueprintTutorials/TutorialAssets/Blueprint_64x.uasset" 331
"../../../Engine/Content/Tutorial/BlueprintTutorials/TutorialAssets/Blueprint_64x.uexp" 332
"../../../Engine/Content/VREditor/TransformGizmo/TranslucentTransformGizmoMaterial.uasset" 333
"../../../Engine/Content/VREditor/TransformGizmo/TranslucentTransformGizmoMaterial.uexp" 334
"../../../Engine/Content/VREditor/LaserPointer/VR_LaserPower_01.uasset" 335
"../../../Engine/Content/VREditor/LaserPointer/VR_LaserPower_01.uexp" 336
"../../../Engine/Content/VREditor/LaserPointer/VR_LaserPower_01.ubulk" 337
"../../../Engine/Content/VREditor/TransformGizmo/TransformGizmoMaterial.uasset" 338
"../../../Engine/Content/VREditor/TransformGizmo/TransformGizmoMaterial.uexp" 339
"../../../Engine/Content/VREditor/TransformGizmo/BoundingBoxCorner.uasset" 340
"../../../Engine/Content/VREditor/TransformGizmo/BoundingBoxCorner.uexp" 341
"../../../Engine/Content/VREditor/TransformGizmo/BoundingBoxEdge.uasset" 342
"../../../Engine/Content/VREditor/TransformGizmo/BoundingBoxEdge.uexp" 343
"../../../Engine/Content/VREditor/TransformGizmo/PlaneTranslationHandle.uasset" 344
"../../../Engine/Content/VREditor/TransformGizmo/PlaneTranslationHandle.uexp" 345
"../../../Engine/Content/VREditor/TransformGizmo/Xray.uasset" 346
"../../../Engine/Content/VREditor/TransformGizmo/Xray.uexp" 347
"../../../Engine/Content/VREditor/TransformGizmo/Main.uasset" 348
"../../../Engine/Content/VREditor/TransformGizmo/Main.uexp" 349
"../../../Engine/Content/VREditor/TransformGizmo/SM_Sequencer_Key.uasset" 350
"../../../Engine/Content/VREditor/TransformGizmo/SM_Sequencer_Key.uexp" 351
"../../../Engine/Content/VREditor/TransformGizmo/SM_Sequencer_Node.uasset" 352
"../../../Engine/Content/VREditor/TransformGizmo/SM_Sequencer_Node.uexp" 353
"../../../Engine/Plugins/2D/Paper2D/Content/PlaceholderTextures/DummySpriteTexture.uasset" 354
"../../../Engine/Plugins/2D/Paper2D/Content/PlaceholderTextures/DummySpriteTexture.uexp" 355
"../../../Engine/Plugins/2D/Paper2D/Content/PlaceholderTextures/DummySpriteTexture.ubulk" 356
"../../../Engine/Plugins/2D/Paper2D/Content/DummySprite.uasset" 357
"../../../Engine/Plugins/2D/Paper2D/Content/DummySprite.uexp" 358
"../../../Engine/Plugins/2D/Paper2D/Content/DefaultPaperTerrainMaterial.uasset" 359
"../../../Engine/Plugins/2D/Paper2D/Content/DefaultPaperTerrainMaterial.uexp" 360
"../../../Engine/Plugins/2D/Paper2D/Content/DefaultSpriteMaterial.uasset" 361
"../../../Engine/Plugins/2D/Paper2D/Content/DefaultSpriteMaterial.uexp" 362
"../../../Engine/Plugins/2D/Paper2D/Content/MaskedUnlitSpriteMaterial.uasset" 363
"../../../Engine/Plugins/2D/Paper2D/Content/MaskedUnlitSpriteMaterial.uexp" 364
"../../../Engine/Plugins/2D/Paper2D/Content/OpaqueUnlitSpriteMaterial.uasset" 365
"../../../Engine/Plugins/2D/Paper2D/Content/OpaqueUnlitSpriteMaterial.uexp" 366
"../../../Engine/Content/Functions/Engine_MaterialFunctions02/ObjectLocalBounds.uasset" 367
"../../../Engine/Content/Functions/Engine_MaterialFunctions02/ObjectLocalBounds.uexp" 368
"../../../Engine/Content/Functions/Engine_MaterialFunctions02/Utility/VectorLength.uasset" 369
"../../../Engine/Content/Functions/Engine_MaterialFunctions02/Utility/VectorLength.uexp" 370
"../../../Engine/Content/Functions/Engine_MaterialFunctions02/Utility/BreakOutFloat3Components.uasset" 371
"../../../Engine/Content/Functions/Engine_MaterialFunctions02/Utility/BreakOutFloat3Components.uexp" 372
"../../../Engine/Content/Functions/Engine_MaterialFunctions02/WorldPositionOffset/ObjectScale.uasset" 373
"../../../Engine/Content/Functions/Engine_MaterialFunctions02/WorldPositionOffset/ObjectScale.uexp" 374
"../../../Engine/Plugins/Editor/SpeedTreeImporter/Content/SpeedTree9/UnpackInteger3.uasset" 375
"../../../Engine/Plugins/Editor/SpeedTreeImporter/Content/SpeedTree9/UnpackInteger3.uexp" 376
"../../../Engine/Plugins/Editor/SpeedTreeImporter/Content/SpeedTree9/UnpackDirection.uasset" 377
"../../../Engine/Plugins/Editor/SpeedTreeImporter/Content/SpeedTree9/UnpackDirection.uexp" 378
"../../../Engine/Plugins/Editor/SpeedTreeImporter/Content/SpeedTree9/game_wind_noise.uasset" 379
"../../../Engine/Plugins/Editor/SpeedTreeImporter/Content/SpeedTree9/game_wind_noise.uexp" 380
"../../../Engine/Plugins/Editor/SpeedTreeImporter/Content/SpeedTree9/game_wind_noise.ubulk" 381
"../../../Engine/Content/Functions/Engine_MaterialFunctions02/SafeNormalize.uasset" 382
"../../../Engine/Content/Functions/Engine_MaterialFunctions02/SafeNormalize.uexp" 383
"../../../Engine/Plugins/Editor/SpeedTreeImporter/Content/SpeedTree9/SpeedTreeWindMotion.uasset" 384
"../../../Engine/Plugins/Editor/SpeedTreeImporter/Content/SpeedTree9/SpeedTreeWindMotion.uexp" 385
"../../../Engine/Plugins/Editor/SpeedTreeImporter/Content/SpeedTree9/SpeedTreeBranchMotion.uasset" 386
"../../../Engine/Plugins/Editor/SpeedTreeImporter/Content/SpeedTree9/SpeedTreeBranchMotion.uexp" 387
"../../../Engine/Content/Functions/Engine_MaterialFunctions02/UVs/BoundingBoxBased_0-1_UVW.uasset" 388
"../../../Engine/Content/Functions/Engine_MaterialFunctions02/UVs/BoundingBoxBased_0-1_UVW.uexp" 389
"../../../Engine/Plugins/Editor/SpeedTreeImporter/Content/SpeedTree9/SpeedTreeWind.uasset" 390
"../../../Engine/Plugins/Editor/SpeedTreeImporter/Content/SpeedTree9/SpeedTreeWind.uexp" 391
"../../../Engine/Plugins/Editor/SpeedTreeImporter/Content/SpeedTree9/SpeedTreeBillboard.uasset" 392
"../../../Engine/Plugins/Editor/SpeedTreeImporter/Content/SpeedTree9/SpeedTreeBillboard.uexp" 393
"../../../Engine/Plugins/Editor/SpeedTreeImporter/Content/SpeedTree9/EmptyNormal.uasset" 394
"../../../Engine/Plugins/Editor/SpeedTreeImporter/Content/SpeedTree9/EmptyNormal.uexp" 395
"../../../Engine/Plugins/Editor/SpeedTreeImporter/Content/SpeedTree9/Empty.uasset" 396
"../../../Engine/Plugins/Editor/SpeedTreeImporter/Content/SpeedTree9/Empty.uexp" 397
"../../../Engine/Plugins/Editor/SpeedTreeImporter/Content/SpeedTree9/SpeedTreeBillboardMaster.uasset" 398
"../../../Engine/Plugins/Editor/SpeedTreeImporter/Content/SpeedTree9/SpeedTreeBillboardMaster.uexp" 399
"../../../Engine/Plugins/Editor/SpeedTreeImporter/Content/SpeedTree9/SpeedTreeCameraFacing.uasset" 400
"../../../Engine/Plugins/Editor/SpeedTreeImporter/Content/SpeedTree9/SpeedTreeCameraFacing.uexp" 401
"../../../Engine/Plugins/Editor/SpeedTreeImporter/Content/SpeedTree9/SpeedTreeMaster.uasset" 402
"../../../Engine/Plugins/Editor/SpeedTreeImporter/Content/SpeedTree9/SpeedTreeMaster.uexp" 403
"../../../Engine/Content/ArtTools/RenderToTexture/Materials/Debug/M_Emissive_Color.uasset" 404
"../../../Engine/Content/ArtTools/RenderToTexture/Materials/Debug/M_Emissive_Color.uexp" 405
"../../../Engine/Content/BasicShapes/Cylinder.uasset" 406
"../../../Engine/Content/BasicShapes/Cylinder.uexp" 407
"../../../Engine/Plugins/Lumin/MagicLeapPassableWorld/Content/MagicLeapARPinInfoActor.uasset" 408
"../../../Engine/Plugins/Lumin/MagicLeapPassableWorld/Content/MagicLeapARPinInfoActor.uexp" 409
"../../../Engine/Plugins/Runtime/OpenXR/Content/Devices/GoogleDaydream/MRTexture.uasset" 410
"../../../Engine/Plugins/Runtime/OpenXR/Content/Devices/GoogleDaydream/MRTexture.uexp" 411
"../../../Engine/Plugins/Runtime/OpenXR/Content/Devices/GoogleDaydream/MRTexture.ubulk" 412
"../../../Engine/Plugins/Runtime/OpenXR/Content/Devices/GoogleDaydream/BaseTexture.uasset" 413
"../../../Engine/Plugins/Runtime/OpenXR/Content/Devices/GoogleDaydream/BaseTexture.uexp" 414
"../../../Engine/Plugins/Runtime/OpenXR/Content/Devices/GoogleDaydream/BaseTexture.ubulk" 415
"../../../Engine/Content/EngineResources/Black.uasset" 416
"../../../Engine/Content/EngineResources/Black.uexp" 417
"../../../Engine/Plugins/Runtime/OpenXR/Content/Devices/M_XRController.uasset" 418
"../../../Engine/Plugins/Runtime/OpenXR/Content/Devices/M_XRController.uexp" 419
"../../../Engine/Plugins/Runtime/OpenXR/Content/Devices/GoogleDaydream/MI_GoogleDaydream.uasset" 420
"../../../Engine/Plugins/Runtime/OpenXR/Content/Devices/GoogleDaydream/MI_GoogleDaydream.uexp" 421
"../../../Engine/Plugins/Runtime/OpenXR/Content/Devices/GoogleDaydream/GoogleDaydreamController.uasset" 422
"../../../Engine/Plugins/Runtime/OpenXR/Content/Devices/GoogleDaydream/GoogleDaydreamController.uexp" 423
"../../../Engine/Plugins/Runtime/OpenXR/Content/Devices/HTCVive/BaseTexture.uasset" 424
"../../../Engine/Plugins/Runtime/OpenXR/Content/Devices/HTCVive/BaseTexture.uexp" 425
"../../../Engine/Plugins/Runtime/OpenXR/Content/Devices/HTCVive/BaseTexture.ubulk" 426
"../../../Engine/Plugins/Runtime/OpenXR/Content/Devices/HTCVive/MI_HTCVive.uasset" 427
"../../../Engine/Plugins/Runtime/OpenXR/Content/Devices/HTCVive/MI_HTCVive.uexp" 428
"../../../Engine/Plugins/Runtime/OpenXR/Content/Devices/HTCVive/HTCViveController.uasset" 429
"../../../Engine/Plugins/Runtime/OpenXR/Content/Devices/HTCVive/HTCViveController.uexp" 430
"../../../Engine/Plugins/Runtime/OpenXR/Content/Devices/MicrosoftMixedReality/NormalTexture.uasset" 431
"../../../Engine/Plugins/Runtime/OpenXR/Content/Devices/MicrosoftMixedReality/NormalTexture.uexp" 432
"../../../Engine/Plugins/Runtime/OpenXR/Content/Devices/MicrosoftMixedReality/NormalTexture.ubulk" 433
"../../../Engine/Plugins/Runtime/OpenXR/Content/Devices/MicrosoftMixedReality/MRTexture.uasset" 434
"../../../Engine/Plugins/Runtime/OpenXR/Content/Devices/MicrosoftMixedReality/MRTexture.uexp" 435
"../../../Engine/Plugins/Runtime/OpenXR/Content/Devices/MicrosoftMixedReality/MRTexture.ubulk" 436
"../../../Engine/Plugins/Runtime/OpenXR/Content/Devices/MicrosoftMixedReality/EmissiveTexture.uasset" 437
"../../../Engine/Plugins/Runtime/OpenXR/Content/Devices/MicrosoftMixedReality/EmissiveTexture.uexp" 438
"../../../Engine/Plugins/Runtime/OpenXR/Content/Devices/MicrosoftMixedReality/EmissiveTexture.ubulk" 439
"../../../Engine/Plugins/Runtime/OpenXR/Content/Devices/MicrosoftMixedReality/BaseTexture.uasset" 440
"../../../Engine/Plugins/Runtime/OpenXR/Content/Devices/MicrosoftMixedReality/BaseTexture.uexp" 441
"../../../Engine/Plugins/Runtime/OpenXR/Content/Devices/MicrosoftMixedReality/BaseTexture.ubulk" 442
"../../../Engine/Plugins/Runtime/OpenXR/Content/Devices/MicrosoftMixedReality/MI_MicrosoftMixedReality.uasset" 443
"../../../Engine/Plugins/Runtime/OpenXR/Content/Devices/MicrosoftMixedReality/MI_MicrosoftMixedReality.uexp" 444
"../../../Engine/Plugins/Runtime/OpenXR/Content/Devices/MicrosoftMixedReality/Left/left_MicrosoftMixedRealityController.uasset" 445
"../../../Engine/Plugins/Runtime/OpenXR/Content/Devices/MicrosoftMixedReality/Left/left_MicrosoftMixedRealityController.uexp" 446
"../../../Engine/Plugins/Runtime/OpenXR/Content/Devices/MicrosoftMixedReality/Right/right_MicrosoftMixedRealityController.uasset" 447
"../../../Engine/Plugins/Runtime/OpenXR/Content/Devices/MicrosoftMixedReality/Right/right_MicrosoftMixedRealityController.uexp" 448
"../../../Engine/Plugins/Runtime/OpenXR/Content/Devices/OculusGo/BaseTexture.uasset" 449
"../../../Engine/Plugins/Runtime/OpenXR/Content/Devices/OculusGo/BaseTexture.uexp" 450
"../../../Engine/Plugins/Runtime/OpenXR/Content/Devices/OculusGo/BaseTexture.ubulk" 451
"../../../Engine/Plugins/Runtime/OpenXR/Content/Devices/OculusGo/MI_OculusGo.uasset" 452
"../../../Engine/Plugins/Runtime/OpenXR/Content/Devices/OculusGo/MI_OculusGo.uexp" 453
"../../../Engine/Plugins/Runtime/OpenXR/Content/Devices/OculusGo/OculusGoController.uasset" 454
"../../../Engine/Plugins/Runtime/OpenXR/Content/Devices/OculusGo/OculusGoController.uexp" 455
"../../../Engine/Plugins/Runtime/OpenXR/Content/Devices/OculusTouch/MRTexture.uasset" 456
"../../../Engine/Plugins/Runtime/OpenXR/Content/Devices/OculusTouch/MRTexture.uexp" 457
"../../../Engine/Plugins/Runtime/OpenXR/Content/Devices/OculusTouch/MRTexture.ubulk" 458
"../../../Engine/Plugins/Runtime/OpenXR/Content/Devices/OculusTouch/BaseTexture.uasset" 459
"../../../Engine/Plugins/Runtime/OpenXR/Content/Devices/OculusTouch/BaseTexture.uexp" 460
"../../../Engine/Plugins/Runtime/OpenXR/Content/Devices/OculusTouch/BaseTexture.ubulk" 461
"../../../Engine/Plugins/Runtime/OpenXR/Content/Devices/OculusTouch/MI_OculusTouch.uasset" 462
"../../../Engine/Plugins/Runtime/OpenXR/Content/Devices/OculusTouch/MI_OculusTouch.uexp" 463
"../../../Engine/Plugins/Runtime/OpenXR/Content/Devices/OculusTouch/Left/left_OculusTouchController.uasset" 464
"../../../Engine/Plugins/Runtime/OpenXR/Content/Devices/OculusTouch/Left/left_OculusTouchController.uexp" 465
"../../../Engine/Plugins/Runtime/OpenXR/Content/Devices/OculusTouch/Right/right_OculusTouchController.uasset" 466
"../../../Engine/Plugins/Runtime/OpenXR/Content/Devices/OculusTouch/Right/right_OculusTouchController.uexp" 467
"../../../Engine/Plugins/Runtime/OpenXR/Content/Devices/OculusTouch_v2/MRTexture.uasset" 468
"../../../Engine/Plugins/Runtime/OpenXR/Content/Devices/OculusTouch_v2/MRTexture.uexp" 469
"../../../Engine/Plugins/Runtime/OpenXR/Content/Devices/OculusTouch_v2/MRTexture.ubulk" 470
"../../../Engine/Plugins/Runtime/OpenXR/Content/Devices/OculusTouch_v2/BaseTexture.uasset" 471
"../../../Engine/Plugins/Runtime/OpenXR/Content/Devices/OculusTouch_v2/BaseTexture.uexp" 472
"../../../Engine/Plugins/Runtime/OpenXR/Content/Devices/OculusTouch_v2/BaseTexture.ubulk" 473
"../../../Engine/Plugins/Runtime/OpenXR/Content/Devices/OculusTouch_v2/MI_OculusTouch_v2.uasset" 474
"../../../Engine/Plugins/Runtime/OpenXR/Content/Devices/OculusTouch_v2/MI_OculusTouch_v2.uexp" 475
"../../../Engine/Plugins/Runtime/OpenXR/Content/Devices/OculusTouch_v2/Left/left_OculusTouch_v2Controller.uasset" 476
"../../../Engine/Plugins/Runtime/OpenXR/Content/Devices/OculusTouch_v2/Left/left_OculusTouch_v2Controller.uexp" 477
"../../../Engine/Plugins/Runtime/OpenXR/Content/Devices/OculusTouch_v2/Right/right_OculusTouch_v2Controller.uasset" 478
"../../../Engine/Plugins/Runtime/OpenXR/Content/Devices/OculusTouch_v2/Right/right_OculusTouch_v2Controller.uexp" 479
"../../../Engine/Plugins/Runtime/OpenXR/Content/Devices/OculusTouch_v3/MRTexture.uasset" 480
"../../../Engine/Plugins/Runtime/OpenXR/Content/Devices/OculusTouch_v3/MRTexture.uexp" 481
"../../../Engine/Plugins/Runtime/OpenXR/Content/Devices/OculusTouch_v3/MRTexture.ubulk" 482
"../../../Engine/Plugins/Runtime/OpenXR/Content/Devices/OculusTouch_v3/BaseTexture.uasset" 483
"../../../Engine/Plugins/Runtime/OpenXR/Content/Devices/OculusTouch_v3/BaseTexture.uexp" 484
"../../../Engine/Plugins/Runtime/OpenXR/Content/Devices/OculusTouch_v3/BaseTexture.ubulk" 485
"../../../Engine/Plugins/Runtime/OpenXR/Content/Devices/OculusTouch_v3/MI_OculusTouch_v3.uasset" 486
"../../../Engine/Plugins/Runtime/OpenXR/Content/Devices/OculusTouch_v3/MI_OculusTouch_v3.uexp" 487
"../../../Engine/Plugins/Runtime/OpenXR/Content/Devices/OculusTouch_v3/Left/left_OculusTouch_v3Controller.uasset" 488
"../../../Engine/Plugins/Runtime/OpenXR/Content/Devices/OculusTouch_v3/Left/left_OculusTouch_v3Controller.uexp" 489
"../../../Engine/Plugins/Runtime/OpenXR/Content/Devices/OculusTouch_v3/Right/right_OculusTouch_v3Controller.uasset" 490
"../../../Engine/Plugins/Runtime/OpenXR/Content/Devices/OculusTouch_v3/Right/right_OculusTouch_v3Controller.uexp" 491
"../../../Engine/Plugins/Runtime/OpenXR/Content/Devices/ValveIndex/MRTexture.uasset" 492
"../../../Engine/Plugins/Runtime/OpenXR/Content/Devices/ValveIndex/MRTexture.uexp" 493
"../../../Engine/Plugins/Runtime/OpenXR/Content/Devices/ValveIndex/MRTexture.ubulk" 494
"../../../Engine/Plugins/Runtime/OpenXR/Content/Devices/ValveIndex/BaseTexture.uasset" 495
"../../../Engine/Plugins/Runtime/OpenXR/Content/Devices/ValveIndex/BaseTexture.uexp" 496
"../../../Engine/Plugins/Runtime/OpenXR/Content/Devices/ValveIndex/BaseTexture.ubulk" 497
"../../../Engine/Plugins/Runtime/OpenXR/Content/Devices/ValveIndex/Left/MI_left_ValveIndex.uasset" 498
"../../../Engine/Plugins/Runtime/OpenXR/Content/Devices/ValveIndex/Left/MI_left_ValveIndex.uexp" 499
"../../../Engine/Plugins/Runtime/OpenXR/Content/Devices/ValveIndex/Left/left_ValveIndexController.uasset" 500
"../../../Engine/Plugins/Runtime/OpenXR/Content/Devices/ValveIndex/Left/left_ValveIndexController.uexp" 501
"../../../Engine/Plugins/Runtime/OpenXR/Content/Devices/ValveIndex/Right/MI_right_ValveIndex.uasset" 502
"../../../Engine/Plugins/Runtime/OpenXR/Content/Devices/ValveIndex/Right/MI_right_ValveIndex.uexp" 503
"../../../Engine/Plugins/Runtime/OpenXR/Content/Devices/ValveIndex/Right/right_ValveIndexController.uasset" 504
"../../../Engine/Plugins/Runtime/OpenXR/Content/Devices/ValveIndex/Right/right_ValveIndexController.uexp" 505
"../../../Engine/Content/Functions/Engine_MaterialFunctions02/Utility/MakeFloat3.uasset" 506
"../../../Engine/Content/Functions/Engine_MaterialFunctions02/Utility/MakeFloat3.uexp" 507
"../../../Engine/Content/Functions/Engine_MaterialFunctions02/Utility/BreakOutFloat4Components.uasset" 508
"../../../Engine/Content/Functions/Engine_MaterialFunctions02/Utility/BreakOutFloat4Components.uexp" 509
"../../../Engine/Plugins/Runtime/Oculus/OculusVR/Content/Materials/OculusMR_ChromaKey.uasset" 510
"../../../Engine/Plugins/Runtime/Oculus/OculusVR/Content/Materials/OculusMR_ChromaKey.uexp" 511
"../../../Engine/Plugins/Runtime/Oculus/OculusVR/Content/Materials/OculusMR_OpaqueColoredMaterial.uasset" 512
"../../../Engine/Plugins/Runtime/Oculus/OculusVR/Content/Materials/OculusMR_OpaqueColoredMaterial.uexp" 513
"../../../Engine/Plugins/Runtime/Oculus/OculusVR/Content/Materials/PokeAHoleMaterial.uasset" 514
"../../../Engine/Plugins/Runtime/Oculus/OculusVR/Content/Materials/PokeAHoleMaterial.uexp" 515
"../../../Engine/Plugins/Runtime/Oculus/OculusVR/Content/Textures/touchController_controlmap.uasset" 516
"../../../Engine/Plugins/Runtime/Oculus/OculusVR/Content/Textures/touchController_controlmap.uexp" 517
"../../../Engine/Plugins/Runtime/Oculus/OculusVR/Content/Textures/touchController_controlmap.ubulk" 518
"../../../Engine/Plugins/Runtime/Oculus/OculusVR/Content/Textures/touchController_albedo.uasset" 519
"../../../Engine/Plugins/Runtime/Oculus/OculusVR/Content/Textures/touchController_albedo.uexp" 520
"../../../Engine/Plugins/Runtime/Oculus/OculusVR/Content/Textures/touchController_albedo.ubulk" 521
"../../../Engine/Plugins/Runtime/Oculus/OculusVR/Content/Materials/touchController_mat.uasset" 522
"../../../Engine/Plugins/Runtime/Oculus/OculusVR/Content/Materials/touchController_mat.uexp" 523
"../../../Engine/Plugins/Runtime/Oculus/OculusVR/Content/Meshes/LeftTouchController.uasset" 524
"../../../Engine/Plugins/Runtime/Oculus/OculusVR/Content/Meshes/LeftTouchController.uexp" 525
"../../../Engine/Plugins/Runtime/Oculus/OculusVR/Content/Textures/TouchForQuestRiftSController_albedo.uasset" 526
"../../../Engine/Plugins/Runtime/Oculus/OculusVR/Content/Textures/TouchForQuestRiftSController_albedo.uexp" 527
"../../../Engine/Plugins/Runtime/Oculus/OculusVR/Content/Textures/TouchForQuestRiftSController_albedo.ubulk" 528
"../../../Engine/Plugins/Runtime/Oculus/OculusVR/Content/Materials/TouchForQuestRiftSControllerMaterial.uasset" 529
"../../../Engine/Plugins/Runtime/Oculus/OculusVR/Content/Materials/TouchForQuestRiftSControllerMaterial.uexp" 530
"../../../Engine/Plugins/Runtime/Oculus/OculusVR/Content/Meshes/LeftTouchForQuestRiftSController.uasset" 531
"../../../Engine/Plugins/Runtime/Oculus/OculusVR/Content/Meshes/LeftTouchForQuestRiftSController.uexp" 532
"../../../Engine/Plugins/Runtime/Oculus/OculusVR/Content/Meshes/RiftHMD.uasset" 533
"../../../Engine/Plugins/Runtime/Oculus/OculusVR/Content/Meshes/RiftHMD.uexp" 534
"../../../Engine/Plugins/Runtime/Oculus/OculusVR/Content/Meshes/RightTouchController.uasset" 535
"../../../Engine/Plugins/Runtime/Oculus/OculusVR/Content/Meshes/RightTouchController.uexp" 536
"../../../Engine/Plugins/Runtime/Oculus/OculusVR/Content/Meshes/RightTouchForQuestRiftSController.uasset" 537
"../../../Engine/Plugins/Runtime/Oculus/OculusVR/Content/Meshes/RightTouchForQuestRiftSController.uexp" 538
"C:/Users/Jack/OneDrive/Documents/Unreal Projects/FPS_CPP/Content/Geometry/Meshes/1M_Cube.uasset" 539
"C:/Users/Jack/OneDrive/Documents/Unreal Projects/FPS_CPP/Content/Geometry/Meshes/1M_Cube.uexp" 540
"../../../Engine/Content/EngineSky/T_Sky_Stars.uasset" 541
"../../../Engine/Content/EngineSky/T_Sky_Stars.uexp" 542
"../../../Engine/Content/EngineSky/T_Sky_Stars.ubulk" 543
"../../../Engine/Content/EngineSky/T_Sky_Clouds_M.uasset" 544
"../../../Engine/Content/EngineSky/T_Sky_Clouds_M.uexp" 545
"../../../Engine/Content/EngineSky/T_Sky_Clouds_M.ubulk" 546
"../../../Engine/Content/EngineSky/T_Sky_Blue.uasset" 547
"../../../Engine/Content/EngineSky/T_Sky_Blue.uexp" 548
"../../../Engine/Content/EngineSky/T_Sky_Blue.ubulk" 549
"../../../Engine/Content/EngineSky/M_Sky_Panning_Clouds2.uasset" 550
"../../../Engine/Content/EngineSky/M_Sky_Panning_Clouds2.uexp" 551
"../../../Engine/Content/Functions/Engine_MaterialFunctions03/Procedurals/ComputeFilterWidth.uasset" 552
"../../../Engine/Content/Functions/Engine_MaterialFunctions03/Procedurals/ComputeFilterWidth.uexp" 553
"../../../Engine/Content/EngineMaterials/AntiAliasedTextMaterialTranslucent.uasset" 554
"../../../Engine/Content/EngineMaterials/AntiAliasedTextMaterialTranslucent.uexp" 555
"C:/Users/Jack/OneDrive/Documents/Unreal Projects/FPS_CPP/Content/FirstPersonCPP/Maps/FirstPersonExampleMap_BuiltData.uasset" 556
"C:/Users/Jack/OneDrive/Documents/Unreal Projects/FPS_CPP/Content/FirstPersonCPP/Maps/FirstPersonExampleMap_BuiltData.uexp" 557
"C:/Users/Jack/OneDrive/Documents/Unreal Projects/FPS_CPP/Content/FirstPersonCPP/Maps/FirstPersonExampleMap_BuiltData.ubulk" 558
"../../../Engine/Content/EngineSky/SM_SkySphere.uasset" 559
"../../../Engine/Content/EngineSky/SM_SkySphere.uexp" 560
"../../../Engine/Content/EngineSky/C_Sky_Zenith_Color.uasset" 561
"../../../Engine/Content/EngineSky/C_Sky_Zenith_Color.uexp" 562
"../../../Engine/Content/EngineSky/C_Sky_Horizon_Color.uasset" 563
"../../../Engine/Content/EngineSky/C_Sky_Horizon_Color.uexp" 564
"../../../Engine/Content/EngineSky/C_Sky_Cloud_Color.uasset" 565
"../../../Engine/Content/EngineSky/C_Sky_Cloud_Color.uexp" 566
"../../../Engine/Content/EditorBlueprintResources/StandardMacros.uasset" 567
"../../../Engine/Content/EditorBlueprintResources/StandardMacros.uexp" 568
"../../../Engine/Content/EngineSky/BP_Sky_Sphere.uasset" 569
"../../../Engine/Content/EngineSky/BP_Sky_Sphere.uexp" 570
"../../../Engine/Content/BasicShapes/BasicShapeMaterial.uasset" 571
"../../../Engine/Content/BasicShapes/BasicShapeMaterial.uexp" 572
"C:/Users/Jack/OneDrive/Documents/Unreal Projects/FPS_CPP/Content/FirstPersonCPP/Blueprints/Sensor.uasset" 573
"C:/Users/Jack/OneDrive/Documents/Unreal Projects/FPS_CPP/Content/FirstPersonCPP/Blueprints/Sensor.uexp" 574
"C:/Users/Jack/OneDrive/Documents/Unreal Projects/FPS_CPP/Content/FPWeapon/Mesh/SK_FPGun_Skeleton.uasset" 575
"C:/Users/Jack/OneDrive/Documents/Unreal Projects/FPS_CPP/Content/FPWeapon/Mesh/SK_FPGun_Skeleton.uexp" 576
"C:/Users/Jack/OneDrive/Documents/Unreal Projects/FPS_CPP/Content/FPWeapon/Mesh/SK_FPGun_PhysicsAsset.uasset" 577
"C:/Users/Jack/OneDrive/Documents/Unreal Projects/FPS_CPP/Content/FPWeapon/Mesh/SK_FPGun_PhysicsAsset.uexp" 578
"C:/Users/Jack/OneDrive/Documents/Unreal Projects/FPS_CPP/Content/FPWeapon/Textures/T_FPGun_N.uasset" 579
"C:/Users/Jack/OneDrive/Documents/Unreal Projects/FPS_CPP/Content/FPWeapon/Textures/T_FPGun_N.uexp" 580
"C:/Users/Jack/OneDrive/Documents/Unreal Projects/FPS_CPP/Content/FPWeapon/Textures/T_FPGun_N.ubulk" 581
"C:/Users/Jack/OneDrive/Documents/Unreal Projects/FPS_CPP/Content/FPWeapon/Textures/T_FPGun_M.uasset" 582
"C:/Users/Jack/OneDrive/Documents/Unreal Projects/FPS_CPP/Content/FPWeapon/Textures/T_FPGun_M.uexp" 583
"C:/Users/Jack/OneDrive/Documents/Unreal Projects/FPS_CPP/Content/FPWeapon/Textures/T_FPGun_M.ubulk" 584
"C:/Users/Jack/OneDrive/Documents/Unreal Projects/FPS_CPP/Content/FPWeapon/Materials/MaterialLayers/T_ML_Rubber_Blue_01_N.uasset" 585
"C:/Users/Jack/OneDrive/Documents/Unreal Projects/FPS_CPP/Content/FPWeapon/Materials/MaterialLayers/T_ML_Rubber_Blue_01_N.uexp" 586
"C:/Users/Jack/OneDrive/Documents/Unreal Projects/FPS_CPP/Content/FPWeapon/Materials/MaterialLayers/T_ML_Rubber_Blue_01_N.ubulk" 587
"C:/Users/Jack/OneDrive/Documents/Unreal Projects/FPS_CPP/Content/FPWeapon/Materials/MaterialLayers/T_ML_Rubber_Blue_01_D.uasset" 588
"C:/Users/Jack/OneDrive/Documents/Unreal Projects/FPS_CPP/Content/FPWeapon/Materials/MaterialLayers/T_ML_Rubber_Blue_01_D.uexp" 589
"C:/Users/Jack/OneDrive/Documents/Unreal Projects/FPS_CPP/Content/FPWeapon/Materials/MaterialLayers/T_ML_Rubber_Blue_01_D.ubulk" 590
"C:/Users/Jack/OneDrive/Documents/Unreal Projects/FPS_CPP/Content/FPWeapon/Materials/MaterialLayers/T_ML_Aluminum01_N.uasset" 591
"C:/Users/Jack/OneDrive/Documents/Unreal Projects/FPS_CPP/Content/FPWeapon/Materials/MaterialLayers/T_ML_Aluminum01_N.uexp" 592
"C:/Users/Jack/OneDrive/Documents/Unreal Projects/FPS_CPP/Content/FPWeapon/Materials/MaterialLayers/T_ML_Aluminum01_N.ubulk" 593
"C:/Users/Jack/OneDrive/Documents/Unreal Projects/FPS_CPP/Content/FPWeapon/Materials/MaterialLayers/T_ML_Aluminum01.uasset" 594
"C:/Users/Jack/OneDrive/Documents/Unreal Projects/FPS_CPP/Content/FPWeapon/Materials/MaterialLayers/T_ML_Aluminum01.uexp" 595
"C:/Users/Jack/OneDrive/Documents/Unreal Projects/FPS_CPP/Content/FPWeapon/Materials/MaterialLayers/T_ML_Aluminum01.ubulk" 596
"C:/Users/Jack/OneDrive/Documents/Unreal Projects/FPS_CPP/Content/FPWeapon/Materials/MaterialLayers/ML_SoftMetal_UE4.uasset" 597
"C:/Users/Jack/OneDrive/Documents/Unreal Projects/FPS_CPP/Content/FPWeapon/Materials/MaterialLayers/ML_SoftMetal_UE4.uexp" 598
"C:/Users/Jack/OneDrive/Documents/Unreal Projects/FPS_CPP/Content/FPWeapon/Materials/MaterialLayers/ML_Screen.uasset" 599
"C:/Users/Jack/OneDrive/Documents/Unreal Projects/FPS_CPP/Content/FPWeapon/Materials/MaterialLayers/ML_Screen.uexp" 600
"C:/Users/Jack/OneDrive/Documents/Unreal Projects/FPS_CPP/Content/FPWeapon/Materials/MaterialLayers/ML_Plastic_Shiny_Beige.uasset" 601
"C:/Users/Jack/OneDrive/Documents/Unreal Projects/FPS_CPP/Content/FPWeapon/Materials/MaterialLayers/ML_Plastic_Shiny_Beige.uexp" 602
"C:/Users/Jack/OneDrive/Documents/Unreal Projects/FPS_CPP/Content/FPWeapon/Materials/MaterialLayers/ML_GlossyBlack_Latex_UE4.uasset" 603
"C:/Users/Jack/OneDrive/Documents/Unreal Projects/FPS_CPP/Content/FPWeapon/Materials/MaterialLayers/ML_GlossyBlack_Latex_UE4.uexp" 604
"../../../Engine/Content/Functions/MaterialLayerFunctions/MatLayerBlend_Simple.uasset" 605
"../../../Engine/Content/Functions/MaterialLayerFunctions/MatLayerBlend_Simple.uexp" 606
"../../../Engine/Content/Functions/Engine_MaterialFunctions02/Utility/BlendAngleCorrectedNormals.uasset" 607
"../../../Engine/Content/Functions/Engine_MaterialFunctions02/Utility/BlendAngleCorrectedNormals.uexp" 608
"../../../Engine/Content/Functions/MaterialLayerFunctions/MatLayerBlend_NormalBlend.uasset" 609
"../../../Engine/Content/Functions/MaterialLayerFunctions/MatLayerBlend_NormalBlend.uexp" 610
"C:/Users/Jack/OneDrive/Documents/Unreal Projects/FPS_CPP/Content/FPWeapon/Materials/M_FPGun.uasset" 611
"C:/Users/Jack/OneDrive/Documents/Unreal Projects/FPS_CPP/Content/FPWeapon/Materials/M_FPGun.uexp" 612
"C:/Users/Jack/OneDrive/Documents/Unreal Projects/FPS_CPP/Content/FPWeapon/Mesh/SK_FPGun.uasset" 613
"C:/Users/Jack/OneDrive/Documents/Unreal Projects/FPS_CPP/Content/FPWeapon/Mesh/SK_FPGun.uexp" 614
"C:/Users/Jack/OneDrive/Documents/Unreal Projects/FPS_CPP/Content/FirstPerson/Meshes/BaseMaterial.uasset" 615
"C:/Users/Jack/OneDrive/Documents/Unreal Projects/FPS_CPP/Content/FirstPerson/Meshes/BaseMaterial.uexp" 616
"C:/Users/Jack/OneDrive/Documents/Unreal Projects/FPS_CPP/Content/FirstPerson/Meshes/FirstPersonProjectileMaterial.uasset" 617
"C:/Users/Jack/OneDrive/Documents/Unreal Projects/FPS_CPP/Content/FirstPerson/Meshes/FirstPersonProjectileMaterial.uexp" 618
"C:/Users/Jack/OneDrive/Documents/Unreal Projects/FPS_CPP/Content/FirstPerson/Meshes/FirstPersonProjectileMesh.uasset" 619
"C:/Users/Jack/OneDrive/Documents/Unreal Projects/FPS_CPP/Content/FirstPerson/Meshes/FirstPersonProjectileMesh.uexp" 620
"C:/Users/Jack/OneDrive/Documents/Unreal Projects/FPS_CPP/Content/FirstPersonCPP/Blueprints/FirstPersonProjectile.uasset" 621
"C:/Users/Jack/OneDrive/Documents/Unreal Projects/FPS_CPP/Content/FirstPersonCPP/Blueprints/FirstPersonProjectile.uexp" 622
"C:/Users/Jack/OneDrive/Documents/Unreal Projects/FPS_CPP/Content/FirstPerson/Character/Mesh/SK_Mannequin_Arms_PhysicsAsset.uasset" 623
"C:/Users/Jack/OneDrive/Documents/Unreal Projects/FPS_CPP/Content/FirstPerson/Character/Mesh/SK_Mannequin_Arms_PhysicsAsset.uexp" 624
"C:/Users/Jack/OneDrive/Documents/Unreal Projects/FPS_CPP/Content/FirstPerson/Character/Textures/UE4_Mannequin_MAT_MASKA.uasset" 625
"C:/Users/Jack/OneDrive/Documents/Unreal Projects/FPS_CPP/Content/FirstPerson/Character/Textures/UE4_Mannequin_MAT_MASKA.uexp" 626
"C:/Users/Jack/OneDrive/Documents/Unreal Projects/FPS_CPP/Content/FirstPerson/Character/Textures/UE4_Mannequin_MAT_MASKA.ubulk" 627
"C:/Users/Jack/OneDrive/Documents/Unreal Projects/FPS_CPP/Content/FirstPerson/Character/Textures/UE4_Mannequin__normals.uasset" 628
"C:/Users/Jack/OneDrive/Documents/Unreal Projects/FPS_CPP/Content/FirstPerson/Character/Textures/UE4_Mannequin__normals.uexp" 629
"C:/Users/Jack/OneDrive/Documents/Unreal Projects/FPS_CPP/Content/FirstPerson/Character/Textures/UE4_Mannequin__normals.ubulk" 630
"C:/Users/Jack/OneDrive/Documents/Unreal Projects/FPS_CPP/Content/FirstPerson/Character/Materials/MaterialLayers/T_ML_Aluminum01_N.uasset" 631
"C:/Users/Jack/OneDrive/Documents/Unreal Projects/FPS_CPP/Content/FirstPerson/Character/Materials/MaterialLayers/T_ML_Aluminum01_N.uexp" 632
"C:/Users/Jack/OneDrive/Documents/Unreal Projects/FPS_CPP/Content/FirstPerson/Character/Materials/MaterialLayers/T_ML_Aluminum01_N.ubulk" 633
"C:/Users/Jack/OneDrive/Documents/Unreal Projects/FPS_CPP/Content/FirstPerson/Character/Materials/MaterialLayers/T_ML_Aluminum01.uasset" 634
"C:/Users/Jack/OneDrive/Documents/Unreal Projects/FPS_CPP/Content/FirstPerson/Character/Materials/MaterialLayers/T_ML_Aluminum01.uexp" 635
"C:/Users/Jack/OneDrive/Documents/Unreal Projects/FPS_CPP/Content/FirstPerson/Character/Materials/MaterialLayers/T_ML_Aluminum01.ubulk" 636
"C:/Users/Jack/OneDrive/Documents/Unreal Projects/FPS_CPP/Content/FirstPerson/Character/Materials/MaterialLayers/ML_SoftMetal_UE4.uasset" 637
"C:/Users/Jack/OneDrive/Documents/Unreal Projects/FPS_CPP/Content/FirstPerson/Character/Materials/MaterialLayers/ML_SoftMetal_UE4.uexp" 638
"C:/Users/Jack/OneDrive/Documents/Unreal Projects/FPS_CPP/Content/FirstPerson/Character/Textures/UE4_LOGO_CARD.uasset" 639
"C:/Users/Jack/OneDrive/Documents/Unreal Projects/FPS_CPP/Content/FirstPerson/Character/Textures/UE4_LOGO_CARD.uexp" 640
"C:/Users/Jack/OneDrive/Documents/Unreal Projects/FPS_CPP/Content/FirstPerson/Character/Textures/UE4_LOGO_CARD.ubulk" 641
"C:/Users/Jack/OneDrive/Documents/Unreal Projects/FPS_CPP/Content/FirstPerson/Character/Materials/MaterialLayers/ML_Plastic_Shiny_Beige_LOGO.uasset" 642
"C:/Users/Jack/OneDrive/Documents/Unreal Projects/FPS_CPP/Content/FirstPerson/Character/Materials/MaterialLayers/ML_Plastic_Shiny_Beige_LOGO.uexp" 643
"C:/Users/Jack/OneDrive/Documents/Unreal Projects/FPS_CPP/Content/FirstPerson/Character/Materials/MaterialLayers/ML_Plastic_Shiny_Beige.uasset" 644
"C:/Users/Jack/OneDrive/Documents/Unreal Projects/FPS_CPP/Content/FirstPerson/Character/Materials/MaterialLayers/ML_Plastic_Shiny_Beige.uexp" 645
"C:/Users/Jack/OneDrive/Documents/Unreal Projects/FPS_CPP/Content/FirstPerson/Character/Materials/MaterialLayers/T_ML_Rubber_Blue_01_N.uasset" 646
"C:/Users/Jack/OneDrive/Documents/Unreal Projects/FPS_CPP/Content/FirstPerson/Character/Materials/MaterialLayers/T_ML_Rubber_Blue_01_N.uexp" 647
"C:/Users/Jack/OneDrive/Documents/Unreal Projects/FPS_CPP/Content/FirstPerson/Character/Materials/MaterialLayers/T_ML_Rubber_Blue_01_N.ubulk" 648
"C:/Users/Jack/OneDrive/Documents/Unreal Projects/FPS_CPP/Content/FirstPerson/Character/Materials/MaterialLayers/T_ML_Rubber_Blue_01_D.uasset" 649
"C:/Users/Jack/OneDrive/Documents/Unreal Projects/FPS_CPP/Content/FirstPerson/Character/Materials/MaterialLayers/T_ML_Rubber_Blue_01_D.uexp" 650
"C:/Users/Jack/OneDrive/Documents/Unreal Projects/FPS_CPP/Content/FirstPerson/Character/Materials/MaterialLayers/T_ML_Rubber_Blue_01_D.ubulk" 651
"C:/Users/Jack/OneDrive/Documents/Unreal Projects/FPS_CPP/Content/FirstPerson/Character/Materials/MaterialLayers/ML_GlossyBlack_Latex_UE4.uasset" 652
"C:/Users/Jack/OneDrive/Documents/Unreal Projects/FPS_CPP/Content/FirstPerson/Character/Materials/MaterialLayers/ML_GlossyBlack_Latex_UE4.uexp" 653
"C:/Users/Jack/OneDrive/Documents/Unreal Projects/FPS_CPP/Content/FirstPerson/Character/Materials/M_UE4Man_Body.uasset" 654
"C:/Users/Jack/OneDrive/Documents/Unreal Projects/FPS_CPP/Content/FirstPerson/Character/Materials/M_UE4Man_Body.uexp" 655
"C:/Users/Jack/OneDrive/Documents/Unreal Projects/FPS_CPP/Content/FirstPerson/Character/Mesh/SK_Mannequin_Arms_Skeleton.uasset" 656
"C:/Users/Jack/OneDrive/Documents/Unreal Projects/FPS_CPP/Content/FirstPerson/Character/Mesh/SK_Mannequin_Arms_Skeleton.uexp" 657
"C:/Users/Jack/OneDrive/Documents/Unreal Projects/FPS_CPP/Content/FirstPerson/Character/Mesh/SK_Mannequin_Arms.uasset" 658
"C:/Users/Jack/OneDrive/Documents/Unreal Projects/FPS_CPP/Content/FirstPerson/Character/Mesh/SK_Mannequin_Arms.uexp" 659
"C:/Users/Jack/OneDrive/Documents/Unreal Projects/FPS_CPP/Content/FirstPerson/Audio/FirstPersonTemplateWeaponFire02.uasset" 660
"C:/Users/Jack/OneDrive/Documents/Unreal Projects/FPS_CPP/Content/FirstPerson/Audio/FirstPersonTemplateWeaponFire02.uexp" 661
"C:/Users/Jack/OneDrive/Documents/Unreal Projects/FPS_CPP/Content/FirstPerson/Animations/FirstPerson_Run.uasset" 662
"C:/Users/Jack/OneDrive/Documents/Unreal Projects/FPS_CPP/Content/FirstPerson/Animations/FirstPerson_Run.uexp" 663
"C:/Users/Jack/OneDrive/Documents/Unreal Projects/FPS_CPP/Content/FirstPerson/Animations/FirstPerson_JumpStart.uasset" 664
"C:/Users/Jack/OneDrive/Documents/Unreal Projects/FPS_CPP/Content/FirstPerson/Animations/FirstPerson_JumpStart.uexp" 665
"C:/Users/Jack/OneDrive/Documents/Unreal Projects/FPS_CPP/Content/FirstPerson/Animations/FirstPerson_JumpLoop.uasset" 666
"C:/Users/Jack/OneDrive/Documents/Unreal Projects/FPS_CPP/Content/FirstPerson/Animations/FirstPerson_JumpLoop.uexp" 667
"C:/Users/Jack/OneDrive/Documents/Unreal Projects/FPS_CPP/Content/FirstPerson/Animations/FirstPerson_JumpEnd.uasset" 668
"C:/Users/Jack/OneDrive/Documents/Unreal Projects/FPS_CPP/Content/FirstPerson/Animations/FirstPerson_JumpEnd.uexp" 669
"C:/Users/Jack/OneDrive/Documents/Unreal Projects/FPS_CPP/Content/FirstPerson/Animations/FirstPerson_Idle.uasset" 670
"C:/Users/Jack/OneDrive/Documents/Unreal Projects/FPS_CPP/Content/FirstPerson/Animations/FirstPerson_Idle.uexp" 671
"C:/Users/Jack/OneDrive/Documents/Unreal Projects/FPS_CPP/Content/FirstPerson/Animations/FirstPerson_AnimBP.uasset" 672
"C:/Users/Jack/OneDrive/Documents/Unreal Projects/FPS_CPP/Content/FirstPerson/Animations/FirstPerson_AnimBP.uexp" 673
"C:/Users/Jack/OneDrive/Documents/Unreal Projects/FPS_CPP/Content/FirstPerson/Animations/FirstPerson_Fire.uasset" 674
"C:/Users/Jack/OneDrive/Documents/Unreal Projects/FPS_CPP/Content/FirstPerson/Animations/FirstPerson_Fire.uexp" 675
"C:/Users/Jack/OneDrive/Documents/Unreal Projects/FPS_CPP/Content/FirstPerson/Animations/FirstPersonFire_Montage.uasset" 676
"C:/Users/Jack/OneDrive/Documents/Unreal Projects/FPS_CPP/Content/FirstPerson/Animations/FirstPersonFire_Montage.uexp" 677
"C:/Users/Jack/OneDrive/Documents/Unreal Projects/FPS_CPP/Content/FirstPersonCPP/Blueprints/FirstPersonCharacter.uasset" 678
"C:/Users/Jack/OneDrive/Documents/Unreal Projects/FPS_CPP/Content/FirstPersonCPP/Blueprints/FirstPersonCharacter.uexp" 679
"C:/Users/Jack/OneDrive/Documents/Unreal Projects/FPS_CPP/Content/FirstPerson/Meshes/CubeMaterialOverride.uasset" 680
"C:/Users/Jack/OneDrive/Documents/Unreal Projects/FPS_CPP/Content/FirstPerson/Meshes/CubeMaterialOverride.uexp" 681
"C:/Users/Jack/OneDrive/Documents/Unreal Projects/FPS_CPP/Content/FirstPersonCPP/Maps/FirstPersonExampleMap.uexp" 682
"C:/Users/Jack/OneDrive/Documents/Unreal Projects/FPS_CPP/Content/FirstPersonCPP/Maps/FirstPersonExampleMap.umap" 683
"../../../Engine/Content/Maps/Entry_BuiltData.uasset" 684
"../../../Engine/Content/Maps/Entry_BuiltData.uexp" 685
"../../../Engine/Content/Maps/Entry.uexp" 686
"../../../Engine/Content/Maps/Entry.umap" 687
