Log file open, 11/15/23 15:12:24
LogWindows: Failed to load 'aqProf.dll' (GetLastError=126)
LogWindows: File 'aqProf.dll' does not exist
LogWindows: Failed to load 'VtuneApi.dll' (GetLastError=126)
LogWindows: File 'VtuneApi.dll' does not exist
LogWindows: Failed to load 'VtuneApi32e.dll' (GetLastError=126)
LogWindows: File 'VtuneApi32e.dll' does not exist
LogConsoleResponse: Display: Failed to find resolution value strings in scalability ini. Falling back to default.
LogConsoleResponse: Display: Failed to find resolution value strings in scalability ini. Falling back to default.
LogInit: Display: Running engine for game: FPS_CPP
LogPlatformFile: Not using cached read wrapper
LogTaskGraph: Started task graph with 5 named threads and 23 total threads with 3 sets of task threads.
LogStats: Stats thread started at 0.689665
LogICUInternationalization: ICU TimeZone Detection - Raw Offset: -6:00, Platform Override: ''
LogInit: Display: Loading text-based GConfig....
LogPluginManager: Mounting plugin MeshPainting
LogPluginManager: Mounting plugin XGEController
LogPluginManager: Mounting plugin Paper2D
LogPluginManager: Mounting plugin LiveLink
LogPluginManager: Mounting plugin LightPropagationVolume
LogPluginManager: Mounting plugin CameraShakePreviewer
LogPluginManager: Mounting plugin GameplayCameras
LogPluginManager: Mounting plugin OodleData
LogPluginManager: Mounting plugin OodleNetwork
LogPluginManager: Mounting plugin AnimationSharing
LogPluginManager: Mounting plugin CLionSourceCodeAccess
LogPluginManager: Mounting plugin CodeLiteSourceCodeAccess
LogPluginManager: Mounting plugin GitSourceControl
LogPluginManager: Mounting plugin NullSourceCodeAccess
LogPluginManager: Mounting plugin AssetManagerEditor
LogPluginManager: Mounting plugin PixWinPlugin
LogPluginManager: Mounting plugin PlasticSourceControl
LogPluginManager: Mounting plugin PluginUtils
LogPluginManager: Mounting plugin PropertyAccessNode
LogPluginManager: Mounting plugin CryptoKeys
LogPluginManager: Mounting plugin CurveEditorTools
LogPluginManager: Mounting plugin RiderSourceCodeAccess
LogPluginManager: Mounting plugin DataValidation
LogPluginManager: Mounting plugin SubversionSourceControl
LogPluginManager: Mounting plugin PerforceSourceControl
LogPluginManager: Mounting plugin TextureFormatOodle
LogPluginManager: Mounting plugin FacialAnimation
LogPluginManager: Mounting plugin GameplayTagsEditor
LogPluginManager: Mounting plugin GeometryMode
LogPluginManager: Mounting plugin MacGraphicsSwitching
LogPluginManager: Mounting plugin MobileLauncherProfileWizard
LogPluginManager: Mounting plugin PluginBrowser
LogPluginManager: Mounting plugin UObjectPlugin
LogPluginManager: Mounting plugin SpeedTreeImporter
LogPluginManager: Mounting plugin VisualStudioCodeSourceCodeAccess
LogPluginManager: Mounting plugin VisualStudioSourceCodeAccess
LogPluginManager: Mounting plugin XCodeSourceCodeAccess
LogPluginManager: Mounting plugin KDevelopSourceCodeAccess
LogPluginManager: Mounting plugin VariantManagerContent
LogPluginManager: Mounting plugin DatasmithContent
LogPluginManager: Mounting plugin Niagara
LogPluginManager: Mounting plugin AISupport
LogPluginManager: Mounting plugin LuminPlatformFeatures
LogPluginManager: Mounting plugin MagicLeap
LogPluginManager: Mounting plugin MagicLeapLightEstimation
LogPluginManager: Mounting plugin MagicLeapMedia
LogPluginManager: Mounting plugin MagicLeapPassableWorld
LogPluginManager: Mounting plugin MLSDK
LogPluginManager: Mounting plugin EnvironmentQueryEditor
LogPluginManager: Mounting plugin AvfMedia
LogPluginManager: Mounting plugin ImgMedia
LogPluginManager: Mounting plugin AndroidMedia
LogPluginManager: Mounting plugin MediaCompositing
LogPluginManager: Mounting plugin MediaPlayerEditor
LogPluginManager: Mounting plugin WmfMedia
LogPluginManager: Mounting plugin AlembicImporter
LogPluginManager: Mounting plugin AutomationUtils
LogPluginManager: Mounting plugin BackChannel
LogPluginManager: Mounting plugin ChaosClothEditor
LogPluginManager: Mounting plugin ChaosEditor
LogPluginManager: Mounting plugin ChaosNiagara
LogPluginManager: Mounting plugin ChaosCloth
LogPluginManager: Mounting plugin CharacterAI
LogPluginManager: Mounting plugin WebMMedia
LogPluginManager: Mounting plugin ChaosSolverPlugin
LogPluginManager: Mounting plugin GeometryCache
LogPluginManager: Mounting plugin GeometryCollectionPlugin
LogPluginManager: Mounting plugin GeometryProcessing
LogPluginManager: Mounting plugin MotoSynth
LogPluginManager: Mounting plugin OpenImageDenoise
LogPluginManager: Mounting plugin PlanarCut
LogPluginManager: Mounting plugin ProxyLODPlugin
LogPluginManager: Mounting plugin PythonScriptPlugin
LogPluginManager: Mounting plugin PlatformCrypto
LogPluginManager: Mounting plugin SkeletalReduction
LogPluginManager: Mounting plugin ActorSequence
LogPluginManager: Mounting plugin LevelSequenceEditor
LogPluginManager: Mounting plugin TemplateSequence
LogPluginManager: Mounting plugin OnlineSubsystem
LogPluginManager: Mounting plugin OnlineSubsystemNull
LogPluginManager: Mounting plugin OnlineSubsystemUtils
LogPluginManager: Mounting plugin LauncherChunkInstaller
LogPluginManager: Mounting plugin ActorLayerUtilities
LogPluginManager: Mounting plugin AndroidDeviceProfileSelector
LogPluginManager: Mounting plugin AndroidMoviePlayer
LogPluginManager: Mounting plugin AndroidPermission
LogPluginManager: Mounting plugin AppleImageUtils
LogPluginManager: Mounting plugin AppleMoviePlayer
LogPluginManager: Mounting plugin ArchVisCharacter
LogPluginManager: Mounting plugin AssetTags
LogPluginManager: Mounting plugin AudioCapture
LogPluginManager: Mounting plugin AudioSynesthesia
LogPluginManager: Mounting plugin CableComponent
LogPluginManager: Mounting plugin ChunkDownloader
LogPluginManager: Mounting plugin CustomMeshComponent
LogPluginManager: Mounting plugin EditableMesh
LogPluginManager: Mounting plugin ExampleDeviceProfileSelector
LogPluginManager: Mounting plugin GoogleCloudMessaging
LogPluginManager: Mounting plugin GooglePAD
LogPluginManager: Mounting plugin IOSDeviceProfileSelector
LogPluginManager: Mounting plugin LinuxDeviceProfileSelector
LogPluginManager: Mounting plugin LocationServicesBPLibrary
LogPluginManager: Mounting plugin MobilePatchingUtils
LogPluginManager: Mounting plugin MatineeToLevelSequence
LogPluginManager: Mounting plugin OpenXR
LogPluginManager: Mounting plugin OpenXREyeTracker
LogPluginManager: Mounting plugin OpenXRHandTracking
LogPluginManager: Mounting plugin PostSplashScreen
LogPluginManager: Mounting plugin PhysXVehicles
LogPluginManager: Mounting plugin ProceduralMeshComponent
LogPluginManager: Mounting plugin PropertyAccessEditor
LogPluginManager: Mounting plugin RuntimePhysXCooking
LogPluginManager: Mounting plugin SignificanceManager
LogPluginManager: Mounting plugin SoundFields
LogPluginManager: Mounting plugin Synthesis
LogPluginManager: Mounting plugin WebMMoviePlayer
LogPluginManager: Mounting plugin WindowsMoviePlayer
LogPluginManager: Mounting plugin ScreenshotTools
LogPluginManager: Mounting plugin Takes
LogPluginManager: Mounting plugin UdpMessaging
LogPluginManager: Mounting plugin TcpMessaging
LogPluginManager: Mounting plugin MaterialAnalyzer
LogPluginManager: Mounting plugin ContentBrowserAssetDataSource
LogPluginManager: Mounting plugin ContentBrowserClassDataSource
LogPluginManager: Mounting plugin ContentBrowserFileDataSource
LogPluginManager: Mounting plugin OnlineSubsystemGooglePlay
LogPluginManager: Mounting plugin OnlineSubsystemIOS
LogPluginManager: Mounting plugin OculusVR
LogPluginManager: Mounting plugin SteamVR
PixWinPlugin: PIX capture plugin failed to initialize! Check that the process is launched from PIX.
LogInit: Using libcurl 7.55.1-DEV
LogInit:  - built for x86_64-pc-win32
LogInit:  - supports SSL with OpenSSL/1.1.1
LogInit:  - supports HTTP deflate (compression) using libz 1.2.8
LogInit:  - other features:
LogInit:      CURL_VERSION_SSL
LogInit:      CURL_VERSION_LIBZ
LogInit:      CURL_VERSION_IPV6
LogInit:      CURL_VERSION_ASYNCHDNS
LogInit:      CURL_VERSION_LARGEFILE
LogInit:      CURL_VERSION_IDN
LogInit:  CurlRequestOptions (configurable via config and command line):
LogInit:  - bVerifyPeer = true  - Libcurl will verify peer certificate
LogInit:  - bUseHttpProxy = false  - Libcurl will NOT use HTTP proxy
LogInit:  - bDontReuseConnections = false  - Libcurl will reuse connections
LogInit:  - MaxHostConnections = 16  - Libcurl will limit the number of connections to a host
LogInit:  - LocalHostAddr = Default
LogInit:  - BufferSize = 65536
LogOnline: OSS: Creating online subsystem instance for: NULL
LogInit: WinSock: version 1.1 (2.2), MaxSocks=32767, MaxUdp=65467
LogOnline: OSS: TryLoadSubsystemAndSetDefault: Loaded subsystem for module [NULL]
LogInit: Build: ++UE4+Release-4.27-CL-18319896
LogInit: Engine Version: 4.27.2-18319896+++UE4+Release-4.27
LogInit: Compatible Engine Version: 4.27.0-17155196+++UE4+Release-4.27
LogInit: Net CL: 17155196
LogInit: OS: Windows 10 (Release 2009) (), CPU:        Intel(R) Core(TM) i7-3770K CPU @ 3.50GHz, GPU: Intel(R) HD Graphics 4000
LogInit: Compiled (64-bit): Nov 30 2021 07:12:08
LogInit: Compiled with Visual C++: 19.24.28315.00
LogInit: Build Configuration: Development
LogInit: Branch Name: ++UE4+Release-4.27
LogInit: Command Line:  "C:\Users\Jack\OneDrive\Documents\Unreal Projects\FPS_CPP\FPS_CPP.uproject" -run=VisualStudioTools -unattended -noshadercompile -nosound -nullrhi -nocpuprofilertrace -nocrashreports -nosplash -ddc=noshared -output=C:\Users\Jack\AppData\Local\Temp\tmp4799.tmp
LogInit: Base Directory: C:/Program Files/Epic Games/UE_4.27/Engine/Binaries/Win64/
LogInit: Allocator: TBB
LogInit: Installed Engine Build: 1
LogDevObjectVersion: Number of dev versions registered: 29
LogDevObjectVersion:   Dev-Blueprints (B0D832E4-1F89-4F0D-ACCF-7EB736FD4AA2): 10
LogDevObjectVersion:   Dev-Build (E1C64328-A22C-4D53-A36C-8E866417BD8C): 0
LogDevObjectVersion:   Dev-Core (375EC13C-06E4-48FB-B500-84F0262A717E): 4
LogDevObjectVersion:   Dev-Editor (E4B068ED-F494-42E9-A231-DA0B2E46BB41): 40
LogDevObjectVersion:   Dev-Framework (CFFC743F-43B0-4480-9391-14DF171D2073): 37
LogDevObjectVersion:   Dev-Mobile (B02B49B5-BB20-44E9-A304-32B752E40360): 3
LogDevObjectVersion:   Dev-Networking (A4E4105C-59A1-49B5-A7C5-40C4547EDFEE): 0
LogDevObjectVersion:   Dev-Online (39C831C9-5AE6-47DC-9A44-9C173E1C8E7C): 0
LogDevObjectVersion:   Dev-Physics (78F01B33-EBEA-4F98-B9B4-84EACCB95AA2): 14
LogDevObjectVersion:   Dev-Platform (6631380F-2D4D-43E0-8009-CF276956A95A): 0
LogDevObjectVersion:   Dev-Rendering (12F88B9F-8875-4AFC-A67C-D90C383ABD29): 45
LogDevObjectVersion:   Dev-Sequencer (7B5AE74C-D270-4C10-A958-57980B212A5A): 13
LogDevObjectVersion:   Dev-VR (D7296918-1DD6-4BDD-9DE2-64A83CC13884): 3
LogDevObjectVersion:   Dev-LoadTimes (C2A15278-BFE7-4AFE-6C17-90FF531DF755): 1
LogDevObjectVersion:   Private-Geometry (6EACA3D4-40EC-4CC1-B786-8BED09428FC5): 3
LogDevObjectVersion:   Dev-AnimPhys (29E575DD-E0A3-4627-9D10-D276232CDCEA): 17
LogDevObjectVersion:   Dev-Anim (AF43A65D-7FD3-4947-9873-3E8ED9C1BB05): 15
LogDevObjectVersion:   Dev-ReflectionCapture (6B266CEC-1EC7-4B8F-A30B-E4D90942FC07): 1
LogDevObjectVersion:   Dev-Automation (0DF73D61-A23F-47EA-B727-89E90C41499A): 1
LogDevObjectVersion:   FortniteMain (601D1886-AC64-4F84-AA16-D3DE0DEAC7D6): 47
LogDevObjectVersion:   FortniteRelease (E7086368-6B23-4C58-8439-1B7016265E91): 1
LogDevObjectVersion:   Dev-Enterprise (9DFFBCD6-494F-0158-E221-12823C92A888): 10
LogDevObjectVersion:   Dev-Niagara (F2AED0AC-9AFE-416F-8664-AA7FFA26D6FC): 1
LogDevObjectVersion:   Dev-Destruction (174F1F0B-B4C6-45A5-B13F-2EE8D0FB917D): 10
LogDevObjectVersion:   Dev-Physics-Ext (35F94A83-E258-406C-A318-09F59610247C): 41
LogDevObjectVersion:   Dev-PhysicsMaterial-Chaos (B68FC16E-8B1B-42E2-B453-215C058844FE): 1
LogDevObjectVersion:   Dev-CineCamera (B2E18506-4273-CFC2-A54E-F4BB758BBA07): 1
LogDevObjectVersion:   Dev-VirtualProduction (64F58936-FD1B-42BA-BA96-7289D5D0FA4E): 1
LogDevObjectVersion:   Dev-MediaFramework (6F0ED827-A609-4895-9C91-998D90180EA4): 2
LogInit: Presizing for max 25165824 objects, including 0 objects not considered by GC, pre-allocating 0 bytes for permanent pool.
LogConfig: Applying CVar settings from Section [/Script/Engine.StreamingSettings] File [C:/Users/Jack/OneDrive/Documents/Unreal Projects/FPS_CPP/Saved/Config/Windows/Engine.ini]
LogConfig: Setting CVar [[s.MinBulkDataSizeForAsyncLoading:131072]]
LogConfig: Setting CVar [[s.AsyncLoadingThreadEnabled:0]]
LogConfig: Setting CVar [[s.EventDrivenLoaderEnabled:1]]
LogConfig: Setting CVar [[s.WarnIfTimeLimitExceeded:0]]
LogConfig: Setting CVar [[s.TimeLimitExceededMultiplier:1.5]]
LogConfig: Setting CVar [[s.TimeLimitExceededMinTime:0.005]]
LogConfig: Setting CVar [[s.UseBackgroundLevelStreaming:1]]
LogConfig: Setting CVar [[s.PriorityAsyncLoadingExtraTime:15.0]]
LogConfig: Setting CVar [[s.LevelStreamingActorsUpdateTimeLimit:5.0]]
LogConfig: Setting CVar [[s.PriorityLevelStreamingActorsUpdateExtraTime:5.0]]
LogConfig: Setting CVar [[s.LevelStreamingComponentsRegistrationGranularity:10]]
LogConfig: Setting CVar [[s.UnregisterComponentsTimeLimit:1.0]]
LogConfig: Setting CVar [[s.LevelStreamingComponentsUnregistrationGranularity:5]]
LogConfig: Setting CVar [[s.FlushStreamingOnExit:1]]
LogInit: Object subsystem initialized
LogConfig: Setting CVar [[con.DebugEarlyDefault:1]]
LogConfig: Setting CVar [[r.setres:1280x720]]
[2023.11.15-21.12.28:473][  0]LogConfig: Setting CVar [[con.DebugEarlyDefault:1]]
[2023.11.15-21.12.28:473][  0]LogConfig: Setting CVar [[r.setres:1280x720]]
[2023.11.15-21.12.28:473][  0]LogConfig: Applying CVar settings from Section [/Script/Engine.RendererSettings] File [C:/Users/Jack/OneDrive/Documents/Unreal Projects/FPS_CPP/Saved/Config/Windows/Engine.ini]
[2023.11.15-21.12.28:473][  0]LogConfig: Setting CVar [[r.GPUCrashDebugging:0]]
[2023.11.15-21.12.28:473][  0]LogConfig: Applying CVar settings from Section [/Script/Engine.RendererOverrideSettings] File [C:/Users/Jack/OneDrive/Documents/Unreal Projects/FPS_CPP/Saved/Config/Windows/Engine.ini]
[2023.11.15-21.12.28:473][  0]LogConfig: Applying CVar settings from Section [/Script/Engine.StreamingSettings] File [C:/Users/Jack/OneDrive/Documents/Unreal Projects/FPS_CPP/Saved/Config/Windows/Engine.ini]
[2023.11.15-21.12.28:473][  0]LogConfig: Setting CVar [[s.MinBulkDataSizeForAsyncLoading:131072]]
[2023.11.15-21.12.28:473][  0]LogConfig: Setting CVar [[s.AsyncLoadingThreadEnabled:0]]
[2023.11.15-21.12.28:474][  0]LogConfig: Setting CVar [[s.EventDrivenLoaderEnabled:1]]
[2023.11.15-21.12.28:474][  0]LogConfig: Setting CVar [[s.WarnIfTimeLimitExceeded:0]]
[2023.11.15-21.12.28:474][  0]LogConfig: Setting CVar [[s.TimeLimitExceededMultiplier:1.5]]
[2023.11.15-21.12.28:474][  0]LogConfig: Setting CVar [[s.TimeLimitExceededMinTime:0.005]]
[2023.11.15-21.12.28:474][  0]LogConfig: Setting CVar [[s.UseBackgroundLevelStreaming:1]]
[2023.11.15-21.12.28:474][  0]LogConfig: Setting CVar [[s.PriorityAsyncLoadingExtraTime:15.0]]
[2023.11.15-21.12.28:474][  0]LogConfig: Setting CVar [[s.LevelStreamingActorsUpdateTimeLimit:5.0]]
[2023.11.15-21.12.28:474][  0]LogConfig: Setting CVar [[s.PriorityLevelStreamingActorsUpdateExtraTime:5.0]]
[2023.11.15-21.12.28:474][  0]LogConfig: Setting CVar [[s.LevelStreamingComponentsRegistrationGranularity:10]]
[2023.11.15-21.12.28:474][  0]LogConfig: Setting CVar [[s.UnregisterComponentsTimeLimit:1.0]]
[2023.11.15-21.12.28:474][  0]LogConfig: Setting CVar [[s.LevelStreamingComponentsUnregistrationGranularity:5]]
[2023.11.15-21.12.28:474][  0]LogConfig: Setting CVar [[s.FlushStreamingOnExit:1]]
[2023.11.15-21.12.28:474][  0]LogConfig: Applying CVar settings from Section [/Script/Engine.GarbageCollectionSettings] File [C:/Users/Jack/OneDrive/Documents/Unreal Projects/FPS_CPP/Saved/Config/Windows/Engine.ini]
[2023.11.15-21.12.28:474][  0]LogConfig: Setting CVar [[gc.MaxObjectsNotConsideredByGC:1]]
[2023.11.15-21.12.28:474][  0]LogConfig: Setting CVar [[gc.SizeOfPermanentObjectPool:0]]
[2023.11.15-21.12.28:474][  0]LogConfig: Setting CVar [[gc.FlushStreamingOnGC:0]]
[2023.11.15-21.12.28:474][  0]LogConfig: Setting CVar [[gc.NumRetriesBeforeForcingGC:10]]
[2023.11.15-21.12.28:474][  0]LogConfig: Setting CVar [[gc.AllowParallelGC:1]]
[2023.11.15-21.12.28:474][  0]LogConfig: Setting CVar [[gc.TimeBetweenPurgingPendingKillObjects:61.1]]
[2023.11.15-21.12.28:474][  0]LogConfig: Setting CVar [[gc.MaxObjectsInEditor:25165824]]
[2023.11.15-21.12.28:474][  0]LogConfig: Setting CVar [[gc.IncrementalBeginDestroyEnabled:1]]
[2023.11.15-21.12.28:474][  0]LogConfig: Setting CVar [[gc.CreateGCClusters:1]]
[2023.11.15-21.12.28:474][  0]LogConfig: Setting CVar [[gc.MinGCClusterSize:5]]
[2023.11.15-21.12.28:474][  0]LogConfig: Setting CVar [[gc.ActorClusteringEnabled:0]]
[2023.11.15-21.12.28:474][  0]LogConfig: Setting CVar [[gc.BlueprintClusteringEnabled:0]]
[2023.11.15-21.12.28:475][  0]LogConfig: Setting CVar [[gc.UseDisregardForGCOnDedicatedServers:0]]
[2023.11.15-21.12.28:475][  0]LogConfig: Setting CVar [[gc.MultithreadedDestructionEnabled:1]]
[2023.11.15-21.12.28:475][  0]LogConfig: Applying CVar settings from Section [/Script/Engine.NetworkSettings] File [C:/Users/Jack/OneDrive/Documents/Unreal Projects/FPS_CPP/Saved/Config/Windows/Engine.ini]
[2023.11.15-21.12.28:475][  0]LogConfig: Applying CVar settings from Section [/Script/UnrealEd.CookerSettings] File [C:/Users/Jack/OneDrive/Documents/Unreal Projects/FPS_CPP/Saved/Config/Windows/Engine.ini]
[2023.11.15-21.12.28:475][  0]LogConfig: Applying CVar settings from Section [ViewDistanceQuality@3] File [C:/Users/Jack/OneDrive/Documents/Unreal Projects/FPS_CPP/Saved/Config/Windows/Scalability.ini]
[2023.11.15-21.12.28:475][  0]LogConfig: Setting CVar [[r.SkeletalMeshLODBias:0]]
[2023.11.15-21.12.28:475][  0]LogConfig: Setting CVar [[r.ViewDistanceScale:1.0]]
[2023.11.15-21.12.28:475][  0]LogConfig: Applying CVar settings from Section [AntiAliasingQuality@3] File [C:/Users/Jack/OneDrive/Documents/Unreal Projects/FPS_CPP/Saved/Config/Windows/Scalability.ini]
[2023.11.15-21.12.28:475][  0]LogConfig: Setting CVar [[r.PostProcessAAQuality:4]]
[2023.11.15-21.12.28:475][  0]LogConfig: Applying CVar settings from Section [ShadowQuality@3] File [C:/Users/Jack/OneDrive/Documents/Unreal Projects/FPS_CPP/Saved/Config/Windows/Scalability.ini]
[2023.11.15-21.12.28:475][  0]LogConfig: Setting CVar [[r.LightFunctionQuality:1]]
[2023.11.15-21.12.28:475][  0]LogConfig: Setting CVar [[r.ShadowQuality:5]]
[2023.11.15-21.12.28:475][  0]LogConfig: Setting CVar [[r.Shadow.CSM.MaxCascades:10]]
[2023.11.15-21.12.28:475][  0]LogConfig: Setting CVar [[r.Shadow.MaxResolution:2048]]
[2023.11.15-21.12.28:475][  0]LogConfig: Setting CVar [[r.Shadow.MaxCSMResolution:2048]]
[2023.11.15-21.12.28:475][  0]LogConfig: Setting CVar [[r.Shadow.RadiusThreshold:0.01]]
[2023.11.15-21.12.28:475][  0]LogConfig: Setting CVar [[r.Shadow.DistanceScale:1.0]]
[2023.11.15-21.12.28:475][  0]LogConfig: Setting CVar [[r.Shadow.CSM.TransitionScale:1.0]]
[2023.11.15-21.12.28:475][  0]LogConfig: Setting CVar [[r.Shadow.PreShadowResolutionFactor:1.0]]
[2023.11.15-21.12.28:475][  0]LogConfig: Setting CVar [[r.DistanceFieldShadowing:1]]
[2023.11.15-21.12.28:475][  0]LogConfig: Setting CVar [[r.DistanceFieldAO:1]]
[2023.11.15-21.12.28:475][  0]LogConfig: Setting CVar [[r.AOQuality:2]]
[2023.11.15-21.12.28:476][  0]LogConfig: Setting CVar [[r.VolumetricFog:1]]
[2023.11.15-21.12.28:476][  0]LogConfig: Setting CVar [[r.VolumetricFog.GridPixelSize:8]]
[2023.11.15-21.12.28:476][  0]LogConfig: Setting CVar [[r.VolumetricFog.GridSizeZ:128]]
[2023.11.15-21.12.28:476][  0]LogConfig: Setting CVar [[r.VolumetricFog.HistoryMissSupersampleCount:4]]
[2023.11.15-21.12.28:476][  0]LogConfig: Setting CVar [[r.LightMaxDrawDistanceScale:1]]
[2023.11.15-21.12.28:476][  0]LogConfig: Setting CVar [[r.CapsuleShadows:1]]
[2023.11.15-21.12.28:476][  0]LogConfig: Applying CVar settings from Section [PostProcessQuality@3] File [C:/Users/Jack/OneDrive/Documents/Unreal Projects/FPS_CPP/Saved/Config/Windows/Scalability.ini]
[2023.11.15-21.12.28:476][  0]LogConfig: Setting CVar [[r.MotionBlurQuality:4]]
[2023.11.15-21.12.28:476][  0]LogConfig: Setting CVar [[r.AmbientOcclusionMipLevelFactor:0.4]]
[2023.11.15-21.12.28:476][  0]LogConfig: Setting CVar [[r.AmbientOcclusionMaxQuality:100]]
[2023.11.15-21.12.28:476][  0]LogConfig: Setting CVar [[r.AmbientOcclusionLevels:-1]]
[2023.11.15-21.12.28:476][  0]LogConfig: Setting CVar [[r.AmbientOcclusionRadiusScale:1.0]]
[2023.11.15-21.12.28:476][  0]LogConfig: Setting CVar [[r.DepthOfFieldQuality:2]]
[2023.11.15-21.12.28:476][  0]LogConfig: Setting CVar [[r.RenderTargetPoolMin:400]]
[2023.11.15-21.12.28:476][  0]LogConfig: Setting CVar [[r.LensFlareQuality:2]]
[2023.11.15-21.12.28:476][  0]LogConfig: Setting CVar [[r.SceneColorFringeQuality:1]]
[2023.11.15-21.12.28:476][  0]LogConfig: Setting CVar [[r.EyeAdaptationQuality:2]]
[2023.11.15-21.12.28:476][  0]LogConfig: Setting CVar [[r.BloomQuality:5]]
[2023.11.15-21.12.28:476][  0]LogConfig: Setting CVar [[r.FastBlurThreshold:100]]
[2023.11.15-21.12.28:476][  0]LogConfig: Setting CVar [[r.Upscale.Quality:3]]
[2023.11.15-21.12.28:476][  0]LogConfig: Setting CVar [[r.Tonemapper.GrainQuantization:1]]
[2023.11.15-21.12.28:476][  0]LogConfig: Setting CVar [[r.LightShaftQuality:1]]
[2023.11.15-21.12.28:476][  0]LogConfig: Setting CVar [[r.Filter.SizeScale:1]]
[2023.11.15-21.12.28:476][  0]LogConfig: Setting CVar [[r.Tonemapper.Quality:5]]
[2023.11.15-21.12.28:476][  0]LogConfig: Setting CVar [[r.DOF.Gather.AccumulatorQuality:1        ; higher gathering accumulator quality]]
[2023.11.15-21.12.28:476][  0]LogConfig: Setting CVar [[r.DOF.Gather.PostfilterMethod:1          ; Median3x3 postfilering method]]
[2023.11.15-21.12.28:476][  0]LogConfig: Setting CVar [[r.DOF.Gather.EnableBokehSettings:0       ; no bokeh simulation when gathering]]
[2023.11.15-21.12.28:476][  0]LogConfig: Setting CVar [[r.DOF.Gather.RingCount:4                 ; medium number of samples when gathering]]
[2023.11.15-21.12.28:476][  0]LogConfig: Setting CVar [[r.DOF.Scatter.ForegroundCompositing:1    ; additive foreground scattering]]
[2023.11.15-21.12.28:476][  0]LogConfig: Setting CVar [[r.DOF.Scatter.BackgroundCompositing:2    ; additive background scattering]]
[2023.11.15-21.12.28:476][  0]LogConfig: Setting CVar [[r.DOF.Scatter.EnableBokehSettings:1      ; bokeh simulation when scattering]]
[2023.11.15-21.12.28:476][  0]LogConfig: Setting CVar [[r.DOF.Scatter.MaxSpriteRatio:0.1         ; only a maximum of 10% of scattered bokeh]]
[2023.11.15-21.12.28:477][  0]LogConfig: Setting CVar [[r.DOF.Recombine.Quality:1                ; cheap slight out of focus]]
[2023.11.15-21.12.28:477][  0]LogConfig: Setting CVar [[r.DOF.Recombine.EnableBokehSettings:0    ; no bokeh simulation on slight out of focus]]
[2023.11.15-21.12.28:477][  0]LogConfig: Setting CVar [[r.DOF.TemporalAAQuality:1                ; more stable temporal accumulation]]
[2023.11.15-21.12.28:477][  0]LogConfig: Setting CVar [[r.DOF.Kernel.MaxForegroundRadius:0.025]]
[2023.11.15-21.12.28:477][  0]LogConfig: Setting CVar [[r.DOF.Kernel.MaxBackgroundRadius:0.025]]
[2023.11.15-21.12.28:477][  0]LogConfig: Applying CVar settings from Section [TextureQuality@3] File [C:/Users/Jack/OneDrive/Documents/Unreal Projects/FPS_CPP/Saved/Config/Windows/Scalability.ini]
[2023.11.15-21.12.28:477][  0]LogConfig: Setting CVar [[r.Streaming.MipBias:0]]
[2023.11.15-21.12.28:477][  0]LogConfig: Setting CVar [[r.Streaming.AmortizeCPUToGPUCopy:0]]
[2023.11.15-21.12.28:477][  0]LogConfig: Setting CVar [[r.Streaming.MaxNumTexturesToStreamPerFrame:0]]
[2023.11.15-21.12.28:477][  0]LogConfig: Setting CVar [[r.Streaming.Boost:1]]
[2023.11.15-21.12.28:477][  0]LogConfig: Setting CVar [[r.MaxAnisotropy:8]]
[2023.11.15-21.12.28:477][  0]LogConfig: Setting CVar [[r.VT.MaxAnisotropy:8]]
[2023.11.15-21.12.28:477][  0]LogConfig: Setting CVar [[r.Streaming.LimitPoolSizeToVRAM:0]]
[2023.11.15-21.12.28:477][  0]LogConfig: Setting CVar [[r.Streaming.PoolSize:1000]]
[2023.11.15-21.12.28:477][  0]LogConfig: Setting CVar [[r.Streaming.MaxEffectiveScreenSize:0]]
[2023.11.15-21.12.28:477][  0]LogConfig: Applying CVar settings from Section [EffectsQuality@3] File [C:/Users/Jack/OneDrive/Documents/Unreal Projects/FPS_CPP/Saved/Config/Windows/Scalability.ini]
[2023.11.15-21.12.28:477][  0]LogConfig: Setting CVar [[r.TranslucencyLightingVolumeDim:64]]
[2023.11.15-21.12.28:477][  0]LogConfig: Setting CVar [[r.RefractionQuality:2]]
[2023.11.15-21.12.28:477][  0]LogConfig: Setting CVar [[r.SSR.Quality:3]]
[2023.11.15-21.12.28:477][  0]LogConfig: Setting CVar [[r.SSR.HalfResSceneColor:0]]
[2023.11.15-21.12.28:477][  0]LogConfig: Setting CVar [[r.SceneColorFormat:4]]
[2023.11.15-21.12.28:477][  0]LogConfig: Setting CVar [[r.DetailMode:2]]
[2023.11.15-21.12.28:477][  0]LogConfig: Setting CVar [[r.TranslucencyVolumeBlur:1]]
[2023.11.15-21.12.28:477][  0]LogConfig: Setting CVar [[r.MaterialQualityLevel:1 ; High quality]]
[2023.11.15-21.12.28:477][  0]LogConfig: Setting CVar [[r.AnisotropicMaterials:1]]
[2023.11.15-21.12.28:477][  0]LogConfig: Setting CVar [[r.SSS.Scale:1]]
[2023.11.15-21.12.28:477][  0]LogConfig: Setting CVar [[r.SSS.SampleSet:2]]
[2023.11.15-21.12.28:477][  0]LogConfig: Setting CVar [[r.SSS.Quality:1]]
[2023.11.15-21.12.28:477][  0]LogConfig: Setting CVar [[r.SSS.HalfRes:0]]
[2023.11.15-21.12.28:477][  0]LogConfig: Setting CVar [[r.SSGI.Quality:3]]
[2023.11.15-21.12.28:477][  0]LogConfig: Setting CVar [[r.EmitterSpawnRateScale:1.0]]
[2023.11.15-21.12.28:477][  0]LogConfig: Setting CVar [[r.ParticleLightQuality:2]]
[2023.11.15-21.12.28:478][  0]LogConfig: Setting CVar [[r.SkyAtmosphere.AerialPerspectiveLUT.FastApplyOnOpaque:1 ; Always have FastSkyLUT 1 in this case to avoid wrong sky]]
[2023.11.15-21.12.28:478][  0]LogConfig: Setting CVar [[r.SkyAtmosphere.AerialPerspectiveLUT.SampleCountMaxPerSlice:4]]
[2023.11.15-21.12.28:478][  0]LogConfig: Setting CVar [[r.SkyAtmosphere.AerialPerspectiveLUT.DepthResolution:16.0]]
[2023.11.15-21.12.28:478][  0]LogConfig: Setting CVar [[r.SkyAtmosphere.FastSkyLUT:1]]
[2023.11.15-21.12.28:478][  0]LogConfig: Setting CVar [[r.SkyAtmosphere.FastSkyLUT.SampleCountMin:4.0]]
[2023.11.15-21.12.28:478][  0]LogConfig: Setting CVar [[r.SkyAtmosphere.FastSkyLUT.SampleCountMax:128.0]]
[2023.11.15-21.12.28:478][  0]LogConfig: Setting CVar [[r.SkyAtmosphere.SampleCountMin:4.0]]
[2023.11.15-21.12.28:478][  0]LogConfig: Setting CVar [[r.SkyAtmosphere.SampleCountMax:128.0]]
[2023.11.15-21.12.28:478][  0]LogConfig: Setting CVar [[r.SkyAtmosphere.TransmittanceLUT.UseSmallFormat:0]]
[2023.11.15-21.12.28:478][  0]LogConfig: Setting CVar [[r.SkyAtmosphere.TransmittanceLUT.SampleCount:10.0]]
[2023.11.15-21.12.28:478][  0]LogConfig: Setting CVar [[r.SkyAtmosphere.MultiScatteringLUT.SampleCount:15.0]]
[2023.11.15-21.12.28:478][  0]LogConfig: Setting CVar [[r.SkyLight.RealTimeReflectionCapture:1]]
[2023.11.15-21.12.28:478][  0]LogConfig: Applying CVar settings from Section [FoliageQuality@3] File [C:/Users/Jack/OneDrive/Documents/Unreal Projects/FPS_CPP/Saved/Config/Windows/Scalability.ini]
[2023.11.15-21.12.28:478][  0]LogConfig: Setting CVar [[foliage.DensityScale:1.0]]
[2023.11.15-21.12.28:478][  0]LogConfig: Setting CVar [[grass.DensityScale:1.0]]
[2023.11.15-21.12.28:478][  0]LogConfig: Applying CVar settings from Section [ShadingQuality@3] File [C:/Users/Jack/OneDrive/Documents/Unreal Projects/FPS_CPP/Saved/Config/Windows/Scalability.ini]
[2023.11.15-21.12.28:478][  0]LogConfig: Setting CVar [[r.HairStrands.SkyLighting.IntegrationType:2]]
[2023.11.15-21.12.28:478][  0]LogConfig: Setting CVar [[r.HairStrands.SkyAO.SampleCount:4]]
[2023.11.15-21.12.28:478][  0]LogConfig: Setting CVar [[r.HairStrands.Visibility.MSAA.SamplePerPixel:4]]
[2023.11.15-21.12.28:484][  0]LogInit: Selected Device Profile: [Windows]
[2023.11.15-21.12.28:484][  0]LogInit: Applying CVar settings loaded from the selected device profile: [Windows]
[2023.11.15-21.12.28:484][  0]LogHAL: Display: Platform has ~ 16 GB [17047834624 / 17179869184 / 16], which maps to Larger [LargestMinGB=32, LargerMinGB=12, DefaultMinGB=8, SmallerMinGB=6, SmallestMinGB=0)
[2023.11.15-21.12.28:484][  0]LogInit: Going up to parent DeviceProfile []
[2023.11.15-21.12.28:484][  0]LogConfig: Applying CVar settings from Section [ViewDistanceQuality@3] File [C:/Users/Jack/OneDrive/Documents/Unreal Projects/FPS_CPP/Saved/Config/Windows/Scalability.ini]
[2023.11.15-21.12.28:484][  0]LogConfig: Setting CVar [[r.SkeletalMeshLODBias:0]]
[2023.11.15-21.12.28:484][  0]LogConfig: Setting CVar [[r.ViewDistanceScale:1.0]]
[2023.11.15-21.12.28:484][  0]LogConfig: Applying CVar settings from Section [AntiAliasingQuality@3] File [C:/Users/Jack/OneDrive/Documents/Unreal Projects/FPS_CPP/Saved/Config/Windows/Scalability.ini]
[2023.11.15-21.12.28:484][  0]LogConfig: Setting CVar [[r.PostProcessAAQuality:4]]
[2023.11.15-21.12.28:484][  0]LogConfig: Applying CVar settings from Section [ShadowQuality@3] File [C:/Users/Jack/OneDrive/Documents/Unreal Projects/FPS_CPP/Saved/Config/Windows/Scalability.ini]
[2023.11.15-21.12.28:484][  0]LogConfig: Setting CVar [[r.LightFunctionQuality:1]]
[2023.11.15-21.12.28:484][  0]LogConfig: Setting CVar [[r.ShadowQuality:5]]
[2023.11.15-21.12.28:485][  0]LogConfig: Setting CVar [[r.Shadow.CSM.MaxCascades:10]]
[2023.11.15-21.12.28:485][  0]LogConfig: Setting CVar [[r.Shadow.MaxResolution:2048]]
[2023.11.15-21.12.28:485][  0]LogConfig: Setting CVar [[r.Shadow.MaxCSMResolution:2048]]
[2023.11.15-21.12.28:485][  0]LogConfig: Setting CVar [[r.Shadow.RadiusThreshold:0.01]]
[2023.11.15-21.12.28:485][  0]LogConfig: Setting CVar [[r.Shadow.DistanceScale:1.0]]
[2023.11.15-21.12.28:485][  0]LogConfig: Setting CVar [[r.Shadow.CSM.TransitionScale:1.0]]
[2023.11.15-21.12.28:485][  0]LogConfig: Setting CVar [[r.Shadow.PreShadowResolutionFactor:1.0]]
[2023.11.15-21.12.28:485][  0]LogConfig: Setting CVar [[r.DistanceFieldShadowing:1]]
[2023.11.15-21.12.28:485][  0]LogConfig: Setting CVar [[r.DistanceFieldAO:1]]
[2023.11.15-21.12.28:485][  0]LogConfig: Setting CVar [[r.AOQuality:2]]
[2023.11.15-21.12.28:485][  0]LogConfig: Setting CVar [[r.VolumetricFog:1]]
[2023.11.15-21.12.28:485][  0]LogConfig: Setting CVar [[r.VolumetricFog.GridPixelSize:8]]
[2023.11.15-21.12.28:485][  0]LogConfig: Setting CVar [[r.VolumetricFog.GridSizeZ:128]]
[2023.11.15-21.12.28:485][  0]LogConfig: Setting CVar [[r.VolumetricFog.HistoryMissSupersampleCount:4]]
[2023.11.15-21.12.28:485][  0]LogConfig: Setting CVar [[r.LightMaxDrawDistanceScale:1]]
[2023.11.15-21.12.28:485][  0]LogConfig: Setting CVar [[r.CapsuleShadows:1]]
[2023.11.15-21.12.28:485][  0]LogConfig: Applying CVar settings from Section [PostProcessQuality@3] File [C:/Users/Jack/OneDrive/Documents/Unreal Projects/FPS_CPP/Saved/Config/Windows/Scalability.ini]
[2023.11.15-21.12.28:485][  0]LogConfig: Setting CVar [[r.MotionBlurQuality:4]]
[2023.11.15-21.12.28:485][  0]LogConfig: Setting CVar [[r.AmbientOcclusionMipLevelFactor:0.4]]
[2023.11.15-21.12.28:485][  0]LogConfig: Setting CVar [[r.AmbientOcclusionMaxQuality:100]]
[2023.11.15-21.12.28:485][  0]LogConfig: Setting CVar [[r.AmbientOcclusionLevels:-1]]
[2023.11.15-21.12.28:485][  0]LogConfig: Setting CVar [[r.AmbientOcclusionRadiusScale:1.0]]
[2023.11.15-21.12.28:485][  0]LogConfig: Setting CVar [[r.DepthOfFieldQuality:2]]
[2023.11.15-21.12.28:485][  0]LogConfig: Setting CVar [[r.RenderTargetPoolMin:400]]
[2023.11.15-21.12.28:485][  0]LogConfig: Setting CVar [[r.LensFlareQuality:2]]
[2023.11.15-21.12.28:485][  0]LogConfig: Setting CVar [[r.SceneColorFringeQuality:1]]
[2023.11.15-21.12.28:486][  0]LogConfig: Setting CVar [[r.EyeAdaptationQuality:2]]
[2023.11.15-21.12.28:486][  0]LogConfig: Setting CVar [[r.BloomQuality:5]]
[2023.11.15-21.12.28:486][  0]LogConfig: Setting CVar [[r.FastBlurThreshold:100]]
[2023.11.15-21.12.28:486][  0]LogConfig: Setting CVar [[r.Upscale.Quality:3]]
[2023.11.15-21.12.28:486][  0]LogConfig: Setting CVar [[r.Tonemapper.GrainQuantization:1]]
[2023.11.15-21.12.28:486][  0]LogConfig: Setting CVar [[r.LightShaftQuality:1]]
[2023.11.15-21.12.28:486][  0]LogConfig: Setting CVar [[r.Filter.SizeScale:1]]
[2023.11.15-21.12.28:486][  0]LogConfig: Setting CVar [[r.Tonemapper.Quality:5]]
[2023.11.15-21.12.28:486][  0]LogConfig: Setting CVar [[r.DOF.Gather.AccumulatorQuality:1        ; higher gathering accumulator quality]]
[2023.11.15-21.12.28:486][  0]LogConfig: Setting CVar [[r.DOF.Gather.PostfilterMethod:1          ; Median3x3 postfilering method]]
[2023.11.15-21.12.28:486][  0]LogConfig: Setting CVar [[r.DOF.Gather.EnableBokehSettings:0       ; no bokeh simulation when gathering]]
[2023.11.15-21.12.28:486][  0]LogConfig: Setting CVar [[r.DOF.Gather.RingCount:4                 ; medium number of samples when gathering]]
[2023.11.15-21.12.28:486][  0]LogConfig: Setting CVar [[r.DOF.Scatter.ForegroundCompositing:1    ; additive foreground scattering]]
[2023.11.15-21.12.28:486][  0]LogConfig: Setting CVar [[r.DOF.Scatter.BackgroundCompositing:2    ; additive background scattering]]
[2023.11.15-21.12.28:486][  0]LogConfig: Setting CVar [[r.DOF.Scatter.EnableBokehSettings:1      ; bokeh simulation when scattering]]
[2023.11.15-21.12.28:486][  0]LogConfig: Setting CVar [[r.DOF.Scatter.MaxSpriteRatio:0.1         ; only a maximum of 10% of scattered bokeh]]
[2023.11.15-21.12.28:487][  0]LogConfig: Setting CVar [[r.DOF.Recombine.Quality:1                ; cheap slight out of focus]]
[2023.11.15-21.12.28:487][  0]LogConfig: Setting CVar [[r.DOF.Recombine.EnableBokehSettings:0    ; no bokeh simulation on slight out of focus]]
[2023.11.15-21.12.28:487][  0]LogConfig: Setting CVar [[r.DOF.TemporalAAQuality:1                ; more stable temporal accumulation]]
[2023.11.15-21.12.28:487][  0]LogConfig: Setting CVar [[r.DOF.Kernel.MaxForegroundRadius:0.025]]
[2023.11.15-21.12.28:487][  0]LogConfig: Setting CVar [[r.DOF.Kernel.MaxBackgroundRadius:0.025]]
[2023.11.15-21.12.28:487][  0]LogConfig: Applying CVar settings from Section [TextureQuality@3] File [C:/Users/Jack/OneDrive/Documents/Unreal Projects/FPS_CPP/Saved/Config/Windows/Scalability.ini]
[2023.11.15-21.12.28:487][  0]LogConfig: Setting CVar [[r.Streaming.MipBias:0]]
[2023.11.15-21.12.28:487][  0]LogConfig: Setting CVar [[r.Streaming.AmortizeCPUToGPUCopy:0]]
[2023.11.15-21.12.28:487][  0]LogConfig: Setting CVar [[r.Streaming.MaxNumTexturesToStreamPerFrame:0]]
[2023.11.15-21.12.28:487][  0]LogConfig: Setting CVar [[r.Streaming.Boost:1]]
[2023.11.15-21.12.28:487][  0]LogConfig: Setting CVar [[r.MaxAnisotropy:8]]
[2023.11.15-21.12.28:487][  0]LogConfig: Setting CVar [[r.VT.MaxAnisotropy:8]]
[2023.11.15-21.12.28:487][  0]LogConfig: Setting CVar [[r.Streaming.LimitPoolSizeToVRAM:0]]
[2023.11.15-21.12.28:487][  0]LogConfig: Setting CVar [[r.Streaming.PoolSize:1000]]
[2023.11.15-21.12.28:487][  0]LogConfig: Setting CVar [[r.Streaming.MaxEffectiveScreenSize:0]]
[2023.11.15-21.12.28:487][  0]LogConfig: Applying CVar settings from Section [EffectsQuality@3] File [C:/Users/Jack/OneDrive/Documents/Unreal Projects/FPS_CPP/Saved/Config/Windows/Scalability.ini]
[2023.11.15-21.12.28:487][  0]LogConfig: Setting CVar [[r.TranslucencyLightingVolumeDim:64]]
[2023.11.15-21.12.28:487][  0]LogConfig: Setting CVar [[r.RefractionQuality:2]]
[2023.11.15-21.12.28:487][  0]LogConfig: Setting CVar [[r.SSR.Quality:3]]
[2023.11.15-21.12.28:487][  0]LogConfig: Setting CVar [[r.SSR.HalfResSceneColor:0]]
[2023.11.15-21.12.28:487][  0]LogConfig: Setting CVar [[r.SceneColorFormat:4]]
[2023.11.15-21.12.28:487][  0]LogConfig: Setting CVar [[r.DetailMode:2]]
[2023.11.15-21.12.28:487][  0]LogConfig: Setting CVar [[r.TranslucencyVolumeBlur:1]]
[2023.11.15-21.12.28:487][  0]LogConfig: Setting CVar [[r.MaterialQualityLevel:1 ; High quality]]
[2023.11.15-21.12.28:487][  0]LogConfig: Setting CVar [[r.AnisotropicMaterials:1]]
[2023.11.15-21.12.28:487][  0]LogConfig: Setting CVar [[r.SSS.Scale:1]]
[2023.11.15-21.12.28:487][  0]LogConfig: Setting CVar [[r.SSS.SampleSet:2]]
[2023.11.15-21.12.28:487][  0]LogConfig: Setting CVar [[r.SSS.Quality:1]]
[2023.11.15-21.12.28:487][  0]LogConfig: Setting CVar [[r.SSS.HalfRes:0]]
[2023.11.15-21.12.28:487][  0]LogConfig: Setting CVar [[r.SSGI.Quality:3]]
[2023.11.15-21.12.28:487][  0]LogConfig: Setting CVar [[r.EmitterSpawnRateScale:1.0]]
[2023.11.15-21.12.28:488][  0]LogConfig: Setting CVar [[r.ParticleLightQuality:2]]
[2023.11.15-21.12.28:488][  0]LogConfig: Setting CVar [[r.SkyAtmosphere.AerialPerspectiveLUT.FastApplyOnOpaque:1 ; Always have FastSkyLUT 1 in this case to avoid wrong sky]]
[2023.11.15-21.12.28:488][  0]LogConfig: Setting CVar [[r.SkyAtmosphere.AerialPerspectiveLUT.SampleCountMaxPerSlice:4]]
[2023.11.15-21.12.28:488][  0]LogConfig: Setting CVar [[r.SkyAtmosphere.AerialPerspectiveLUT.DepthResolution:16.0]]
[2023.11.15-21.12.28:488][  0]LogConfig: Setting CVar [[r.SkyAtmosphere.FastSkyLUT:1]]
[2023.11.15-21.12.28:488][  0]LogConfig: Setting CVar [[r.SkyAtmosphere.FastSkyLUT.SampleCountMin:4.0]]
[2023.11.15-21.12.28:488][  0]LogConfig: Setting CVar [[r.SkyAtmosphere.FastSkyLUT.SampleCountMax:128.0]]
[2023.11.15-21.12.28:488][  0]LogConfig: Setting CVar [[r.SkyAtmosphere.SampleCountMin:4.0]]
[2023.11.15-21.12.28:488][  0]LogConfig: Setting CVar [[r.SkyAtmosphere.SampleCountMax:128.0]]
[2023.11.15-21.12.28:488][  0]LogConfig: Setting CVar [[r.SkyAtmosphere.TransmittanceLUT.UseSmallFormat:0]]
[2023.11.15-21.12.28:488][  0]LogConfig: Setting CVar [[r.SkyAtmosphere.TransmittanceLUT.SampleCount:10.0]]
[2023.11.15-21.12.28:488][  0]LogConfig: Setting CVar [[r.SkyAtmosphere.MultiScatteringLUT.SampleCount:15.0]]
[2023.11.15-21.12.28:488][  0]LogConfig: Setting CVar [[r.SkyLight.RealTimeReflectionCapture:1]]
[2023.11.15-21.12.28:488][  0]LogConfig: Applying CVar settings from Section [FoliageQuality@3] File [C:/Users/Jack/OneDrive/Documents/Unreal Projects/FPS_CPP/Saved/Config/Windows/Scalability.ini]
[2023.11.15-21.12.28:488][  0]LogConfig: Setting CVar [[foliage.DensityScale:1.0]]
[2023.11.15-21.12.28:488][  0]LogConfig: Setting CVar [[grass.DensityScale:1.0]]
[2023.11.15-21.12.28:488][  0]LogConfig: Applying CVar settings from Section [ShadingQuality@3] File [C:/Users/Jack/OneDrive/Documents/Unreal Projects/FPS_CPP/Saved/Config/Windows/Scalability.ini]
[2023.11.15-21.12.28:488][  0]LogConfig: Setting CVar [[r.HairStrands.SkyLighting.IntegrationType:2]]
[2023.11.15-21.12.28:488][  0]LogConfig: Setting CVar [[r.HairStrands.SkyAO.SampleCount:4]]
[2023.11.15-21.12.28:488][  0]LogConfig: Setting CVar [[r.HairStrands.Visibility.MSAA.SamplePerPixel:4]]
[2023.11.15-21.12.28:488][  0]LogConfig: Applying CVar settings from Section [Startup] File [../../../Engine/Config/ConsoleVariables.ini]
[2023.11.15-21.12.28:489][  0]LogConfig: Setting CVar [[net.UseAdaptiveNetUpdateFrequency:0]]
[2023.11.15-21.12.28:489][  0]LogConfig: Setting CVar [[p.chaos.AllowCreatePhysxBodies:1]]
[2023.11.15-21.12.28:489][  0]LogConfig: Setting CVar [[fx.SkipVectorVMBackendOptimizations:1]]
[2023.11.15-21.12.28:489][  0]LogConfig: Applying CVar settings from Section [ConsoleVariables] File [C:/Users/Jack/OneDrive/Documents/Unreal Projects/FPS_CPP/Saved/Config/Windows/Engine.ini]
[2023.11.15-21.12.28:489][  0]LogConfig: Applying CVar settings from Section [ConsoleVariables] File [C:/Users/Jack/OneDrive/Documents/Unreal Projects/FPS_CPP/Saved/Config/Windows/Editor.ini]
[2023.11.15-21.12.28:490][  0]LogInit: Computer: JACKS-PC
[2023.11.15-21.12.28:490][  0]LogInit: User: Jack
[2023.11.15-21.12.28:490][  0]LogInit: CPU Page size=4096, Cores=4
[2023.11.15-21.12.28:490][  0]LogInit: High frequency timer resolution =10.000000 MHz
[2023.11.15-21.12.28:490][  0]LogMemory: Memory total: Physical=15.9GB (16GB approx)
[2023.11.15-21.12.28:490][  0]LogMemory: Platform Memory Stats for Windows
[2023.11.15-21.12.28:490][  0]LogMemory: Process Physical Memory: 134.14 MB used, 134.15 MB peak
[2023.11.15-21.12.28:490][  0]LogMemory: Process Virtual Memory: 108.77 MB used, 108.77 MB peak
[2023.11.15-21.12.28:490][  0]LogMemory: Physical Memory: 11307.80 MB used,  4950.28 MB free, 16258.08 MB total
[2023.11.15-21.12.28:490][  0]LogMemory: Virtual Memory: 134213992.00 MB used,  3732.59 MB free, 134217728.00 MB total
[2023.11.15-21.12.28:500][  0]LogWindows: WindowsPlatformFeatures enabled
[2023.11.15-21.12.28:555][  0]LogInit: Physics initialised using underlying interface: PhysX
[2023.11.15-21.12.28:555][  0]LogInit: Using OS detected language (en-US).
[2023.11.15-21.12.28:555][  0]LogInit: Using OS detected locale (en-US).
[2023.11.15-21.12.28:575][  0]LogTextLocalizationManager: No specific localization for 'en-US' exists, so the 'en' localization will be used.
[2023.11.15-21.12.30:506][  0]LogTargetPlatformManager: Display: Loaded TargetPlatform 'AllDesktop'
[2023.11.15-21.12.30:569][  0]LogTargetPlatformManager: Display: Loaded TargetPlatform 'Android'
[2023.11.15-21.12.30:569][  0]LogTargetPlatformManager: Display: Loaded TargetPlatform 'Android_ASTC'
[2023.11.15-21.12.30:569][  0]LogTargetPlatformManager: Display: Loaded TargetPlatform 'Android_DXT'
[2023.11.15-21.12.30:569][  0]LogTargetPlatformManager: Display: Loaded TargetPlatform 'Android_ETC2'
[2023.11.15-21.12.30:569][  0]LogTargetPlatformManager: Display: Loaded TargetPlatform 'AndroidClient'
[2023.11.15-21.12.30:569][  0]LogTargetPlatformManager: Display: Loaded TargetPlatform 'Android_ASTCClient'
[2023.11.15-21.12.30:569][  0]LogTargetPlatformManager: Display: Loaded TargetPlatform 'Android_DXTClient'
[2023.11.15-21.12.30:569][  0]LogTargetPlatformManager: Display: Loaded TargetPlatform 'Android_ETC2Client'
[2023.11.15-21.12.30:569][  0]LogTargetPlatformManager: Display: Loaded TargetPlatform 'Android_Multi'
[2023.11.15-21.12.30:569][  0]LogTargetPlatformManager: Display: Loaded TargetPlatform 'Android_MultiClient'
[2023.11.15-21.12.30:615][  0]LogTargetPlatformManager: Display: Loaded TargetPlatform 'IOSClient'
[2023.11.15-21.12.30:615][  0]LogTargetPlatformManager: Display: Loaded TargetPlatform 'IOS'
[2023.11.15-21.12.30:640][  0]LogTargetPlatformManager: Display: Loaded TargetPlatform 'Linux'
[2023.11.15-21.12.30:651][  0]LogTargetPlatformManager: Display: Loaded TargetPlatform 'LinuxNoEditor'
[2023.11.15-21.12.30:661][  0]LogTargetPlatformManager: Display: Loaded TargetPlatform 'LinuxClient'
[2023.11.15-21.12.30:672][  0]LogTargetPlatformManager: Display: Loaded TargetPlatform 'LinuxServer'
[2023.11.15-21.12.30:697][  0]LogTargetPlatformManager: Display: Loaded TargetPlatform 'LinuxAArch64NoEditor'
[2023.11.15-21.12.30:708][  0]LogTargetPlatformManager: Display: Loaded TargetPlatform 'LinuxAArch64Client'
[2023.11.15-21.12.30:718][  0]LogTargetPlatformManager: Display: Loaded TargetPlatform 'LinuxAArch64Server'
[2023.11.15-21.12.30:787][  0]LogTargetPlatformManager: Display: Loaded TargetPlatform 'Lumin'
[2023.11.15-21.12.30:788][  0]LogTargetPlatformManager: Display: Loaded TargetPlatform 'LuminClient'
[2023.11.15-21.12.30:807][  0]LogTargetPlatformManager: Display: Loaded TargetPlatform 'MacNoEditor'
[2023.11.15-21.12.30:817][  0]LogTargetPlatformManager: Display: Loaded TargetPlatform 'Mac'
[2023.11.15-21.12.30:826][  0]LogTargetPlatformManager: Display: Loaded TargetPlatform 'MacClient'
[2023.11.15-21.12.30:835][  0]LogTargetPlatformManager: Display: Loaded TargetPlatform 'MacServer'
[2023.11.15-21.12.30:860][  0]LogTargetPlatformManager: Display: Loaded TargetPlatform 'TVOSClient'
[2023.11.15-21.12.30:860][  0]LogTargetPlatformManager: Display: Loaded TargetPlatform 'TVOS'
[2023.11.15-21.12.30:882][  0]LogTargetPlatformManager: Display: Loaded TargetPlatform 'WindowsNoEditor'
[2023.11.15-21.12.30:893][  0]LogTargetPlatformManager: Display: Loaded TargetPlatform 'Windows'
[2023.11.15-21.12.30:904][  0]LogTargetPlatformManager: Display: Loaded TargetPlatform 'WindowsClient'
[2023.11.15-21.12.30:914][  0]LogTargetPlatformManager: Display: Loaded TargetPlatform 'WindowsServer'
[2023.11.15-21.12.30:914][  0]LogTargetPlatformManager: Display: Building Assets For Windows
[2023.11.15-21.12.30:934][  0]LogAudioDebug: Display: Lib vorbis DLL was dynamically loaded.
[2023.11.15-21.12.31:016][  0]LogTextureFormatOodle: Display: Oodle Texture 2.9.0 init RDO Off
[2023.11.15-21.12.31:087][  0]LogRendererCore: Ray tracing is disabled. Reason: r.RayTracing=0.
[2023.11.15-21.12.31:089][  0]LogDerivedDataCache: Display: Max Cache Size: 512 MB
[2023.11.15-21.12.31:089][  0]LogDerivedDataCache: Display: Starting with empty Boot cache
[2023.11.15-21.12.31:089][  0]LogDerivedDataCache: FDerivedDataBackendGraph:  Pak pak cache file ../../../../../../Users/Jack/OneDrive/Documents/Unreal Projects/FPS_CPP/DerivedDataCache/DDC.ddp not found, will not use a pak cache.
[2023.11.15-21.12.31:089][  0]LogDerivedDataCache: Unable to find inner node Pak for hierarchical cache Hierarchy.
[2023.11.15-21.12.31:118][  0]LogDerivedDataCache: Speed tests for ../../../Engine/DerivedDataCache took 0.03 seconds
[2023.11.15-21.12.31:118][  0]LogDerivedDataCache: Display: Performance to ../../../Engine/DerivedDataCache: Latency=0.18ms. RandomReadSpeed=91.10MBs, RandomWriteSpeed=57.74MBs. Assigned SpeedClass 'Local'
[2023.11.15-21.12.31:121][  0]LogDerivedDataCache: Using Local data cache path ../../../Engine/DerivedDataCache: Writable
[2023.11.15-21.12.31:136][  0]LogAssetRegistry: FAssetRegistry took 0.0046 seconds to start up
[2023.11.15-21.12.31:853][  0]LogInit: Selected Device Profile: [Windows]
[2023.11.15-21.12.31:853][  0]LogInit: Active device profile: [00000197A03E4D00][00000197929207C0 49] Windows
[2023.11.15-21.12.31:853][  0]LogInit: Profiles: [00000197A03E4D00][00000197929207C0 49] Windows, [00000197A03AE000][000001979291C900 49] WindowsNoEditor, [00000197A03E5C00][000001979DF42A40 49] WindowsServer, [00000197A03AEE00][000001979DF46B80 49] WindowsClient, [00000197A03E6900][0000019791AFAD00 49] IOS, [00000197A03AD700][0000019791AFEE80 49] iPadAir, [00000197A03E7E00][0000019791B03000 49] iPadAir2, [00000197A134D100][0000019791B112C0 49] IPadPro, [00000197A134D200][0000019791B07300 49] iPadAir3, [00000197A03ACC00][0000019791B15480 49] iPadAir4, [00000197A134DE00][000001979DD71600 49] iPadMini2, [00000197A03AF000][000001979DD75780 49] iPadMini3, [00000197A134F900][000001979DD79900 49] iPadMini4, [00000197A03AFF00][000001979DD7DA80 49] iPadMini5, [00000197A1380A00][000001979DD841C0 49] iPhone6, [00000197A1380B00][000001979DD80200 49] iPodTouch6, [00000197A03E6D00][000001979DD8C4C0 49] iPhone7, [00000197A03E6E00][000001979DD88500 49] iPodTouch7, [00000197A134FE00][000001979DD90680 49] iPhone5S, [00000197A03E4E00][000001979DD94800 49] iPhone6Plus, [00000197A1380100][000001979F308980 49] iPhone6S, [00000197A134C300][000001979DF4AAC0 49] iPhone6SPlus, [00000197A1382900][000001979F30CC00 49] iPhone7Plus, [00000197A134E200][000001979F310D40 49] iPhoneSE, [00000197A1382700][000001979F318EC0 49] iPhone8, [00000197A134C700][000001979F31D040 49] iPhone8Plus, [00000197A1383200][000001979F3211C0 49] iPhoneX, [00000197A03E5500][000001979F325340 49] iPhoneXS, [00000197A1382C00][000001979F3294C0 49] iPhoneXSMax, [00000197A03E5A00][000001979F32D640 49] iPhoneXR, [00000197A1380600][000001979F3317C0 49] iPhone11, [00000197A03E4F00][000001979F335940 49] iPhone11Pro, [00000197A1381B00][000001979F339AC0 49] iPhone11ProMax, [00000197A03E7300][000001979F33C0C0 49] iPhoneSE2, [00000197A1383B00][000001979F340240 49] iPhone12Mini, [00000197A03E6300][000001979F3443C0 49] iPhone12, [00000197A1381000][000001979F348540 49] iPhone12Pro, [00000197A03E7F00][000001979F34C6C0 49] iPhone12ProMax, [00000197A1381600][000001979F350840 49] iPadPro105, [00000197A03E4900][000001979F3549C0 49] iPadPro129, [00000197A1383E00][000001979F358B40 49] iPadPro97, [00000197A03E7700][000001979F314C80 49] iPadPro2_129, [00000197A1380D00][000001979F35CDC0 49] iPad5, [00000197A03E5F00][000001979FC92F00 49] iPad6, [00000197A1381200][000001979FC97040 49] iPad7, [00000197A03E5100][000001979FC9F1C0 49] iPad8, [00000197A1380200][000001979FCA3340 49] iPadPro11, [00000197A03E7200][000001979FCA74C0 49] iPadPro2_11, [00000197A1381700][000001979FCAB640 49] iPadPro3_129, [00000197A03E7800][000001979FCAF7C0 49] iPadPro4_129, [00000197A1380F00][000001979FCB3940 49] AppleTV, [00000197A03E6600][000001979FCB7AC0 49] AppleTV4K, [00000197A1382200][000001979FCBA0C0 49] TVOS, [00000197A03E7B00][000001979FCBE240 49] Mac, [00000197A1381400][000001979FCC23C0 49] MacClient, [00000197A03E6100][000001979FCC6540 49] MacNoEditor, [00000197A1382F00][000001979FCCA6C0 49] MacServer, [00000197A03E5000][000001979FCCE840 49] Linux, [00000197A1381F00][000001979FCD29C0 49] LinuxAArch64, [00000197A03E7C00][000001979FCD6B40 49] LinuxNoEditor, [00000197A1383300][000001979FCDACC0 49] LinuxAArch64NoEditor, [00000197A03E5B00][000001979FC9AE00 49] LinuxClient, [00000197A1380800][000001979FCDEF40 49] LinuxAArch64Client, [00000197A03E5400][000001979FCE3080 49] LinuxServer, [00000197A1381100][000001979FCE71C0 49] LinuxAArch64Server, [00000197A03E6F00][000001979FCEF340 49] Android, [00000197A1382400][000001979FCF34C0 49] Android_Low, [00000197A03E7D00][000001979FCF7640 49] Android_Mid, [00000197A1383900][000001979FCFB7C0 49] Android_High, [00000197A03E7400][000001979FCFF940 49] Android_Default, [00000197A1382A00][000001979FD03AC0 49] Android_Adreno4xx, [00000197A03E4300][000001979FD060C0 49] Android_Adreno5xx_Low, [00000197A1383700][000001979FD0A240 49] Android_Adreno5xx, [00000197A03E5300][000001979FD0E3C0 49] Android_Adreno6xx, [00000197A03AC500][000001979FD12540 49] Android_Adreno6xx_Vulkan, [00000197A134DF00][000001979FD166C0 49] Android_Mali_T6xx, [00000197A03AC600][000001979FD1A840 49] Android_Mali_T7xx, [00000197A134FA00][000001979FD1E9C0 49] Android_Mali_T8xx, [00000197A03AC100][000001979FD22B40 49] Android_Mali_G71, [00000197A134F500][000001979FD26CC0 49] Android_Mali_G72, [00000197A03AC400][000001979FD2AE40 49] Android_Mali_G72_Vulkan, [00000197A134D800][000001979FD2EFC0 49] Android_Mali_G76, [00000197A03AF500][000001979FCEB100 49] Android_Mali_G76_Vulkan, [00000197A134EA00][000001979FD33240 49] Android_Mali_G77, [00000197A03AEF00][000001979FD37380 49] Android_Mali_G77_Vulkan, [00000197A134D600][000001979FD3F500 49] Android_Mali_G78, [00000197A03ADF00][000001979FD43680 49] Android_Mali_G78_Vulkan, [00000197A134C600][000001979FD47800 49] Android_Mali_G710, [00000197A03AC300][000001979FD4B980 49] Android_Mali_G710_Vulkan, [00000197A134C200][000001979FD4FB00 49] Android_Vulkan_SM5, [00000197A03AC200][000001979FD52100 49] Android_PowerVR_G6xxx, [00000197A134E500][000001979FD56280 49] Android_PowerVR_GT7xxx, [00000197A03AE300][000001979FD5A400 49] Android_PowerVR_GE8xxx, [00000197A134D300][000001979FD5E580 49] Android_PowerVR_GM9xxx, [00000197A03ACD00][000001979FD62700 49] Android_PowerVR_GM9xxx_Vulkan, [00000197A134FD00][000001979FD66880 49] Android_TegraK1, [00000197A03AE600][000001979FD6AA00 49] Android_Unknown_Vulkan, [00000197A134F200][000001979FD6EB80 49] Lumin, [00000197A03ACA00][000001979FD72D00 49] Lumin_Desktop, [00000197A134F300][000001979FD76E80 49] HoloLens, 
[2023.11.15-21.12.31:930][  0]LogMeshReduction: Using QuadricMeshReduction for automatic static mesh reduction
[2023.11.15-21.12.31:930][  0]LogMeshReduction: Using SimplygonMeshReduction for automatic skeletal mesh reduction
[2023.11.15-21.12.31:930][  0]LogMeshReduction: Using ProxyLODMeshReduction for automatic mesh merging
[2023.11.15-21.12.31:930][  0]LogMeshReduction: No distributed automatic mesh merging module available
[2023.11.15-21.12.31:930][  0]LogMeshMerging: No distributed automatic mesh merging module available
[2023.11.15-21.12.31:955][  0]LogNetVersion: FPS_CPP 1.0.0, NetCL: 17155196, EngineNetVer: 17, GameNetVer: 0 (Checksum: 310734197)
[2023.11.15-21.12.32:376][  0]LogHMD: PokeAHoleMaterial loaded successfully
[2023.11.15-21.12.32:605][  0]LogCollectionManager: Loaded 0 collections in 0.003687 seconds
[2023.11.15-21.12.32:610][  0]LogFileCache: Scanning file cache for directory 'C:/Users/Jack/OneDrive/Documents/Unreal Projects/FPS_CPP/Saved/Collections/' took 0.00s
[2023.11.15-21.12.32:610][  0]LogFileCache: Scanning file cache for directory 'C:/Users/Jack/OneDrive/Documents/Unreal Projects/FPS_CPP/Content/Developers/Jack/Collections/' took 0.00s
[2023.11.15-21.12.32:610][  0]LogFileCache: Scanning file cache for directory 'C:/Users/Jack/OneDrive/Documents/Unreal Projects/FPS_CPP/Content/Collections/' took 0.00s
[2023.11.15-21.12.32:610][  0]LogCollectionManager: Fixed up redirectors for 0 collections in 0.000004 seconds (updated 0 objects)
[2023.11.15-21.12.32:876][  0]LogNiagaraDebuggerClient: Niagara Debugger Client Initialized | Session: 9FD17E4645003C4595B633B9947C24DC | Instance: C760266F4E2E4C514D45F083305EEE59 (JACKS-PC-244).
[2023.11.15-21.12.33:192][  0]LogPython: Using Python 3.7.7
[2023.11.15-21.12.35:540][  0]SourceControl: Source control is disabled
[2023.11.15-21.12.35:541][  0]SourceControl: Source control is disabled
[2023.11.15-21.12.35:547][  0]SourceControl: Source control is disabled
[2023.11.15-21.12.35:590][  0]SourceControl: Source control is disabled
[2023.11.15-21.12.35:596][  0]SourceControl: Source control is disabled
[2023.11.15-21.12.35:693][  0]LogUProjectInfo: Found projects:
[2023.11.15-21.12.36:081][  0]LogOpenImageDenoise: OIDN starting up
[2023.11.15-21.12.36:107][  0]LogAndroidPermission: UAndroidPermissionCallbackProxy::GetInstance
[2023.11.15-21.12.36:157][  0]LogAudioCaptureCore: Display: No Audio Capture implementations found. Audio input will be silent.
[2023.11.15-21.12.36:158][  0]LogAudioCaptureCore: Display: No Audio Capture implementations found. Audio input will be silent.
[2023.11.15-21.12.36:604][  0]LogOcInput: OculusInput pre-init called
[2023.11.15-21.12.36:730][  0]LogUObjectArray: 24105 objects as part of root set at end of initial load.
[2023.11.15-21.12.36:730][  0]LogUObjectAllocator: 6851424 out of 0 bytes used by permanent object pool.
[2023.11.15-21.12.36:730][  0]LogUObjectArray: CloseDisregardForGC: 0/0 objects in disregard for GC pool
[2023.11.15-21.12.36:736][  0]LogInit: Error: VisualStudioToolsCommandlet looked like a commandlet, but we could not find the class.
[2023.11.15-21.12.36:736][  0]LogCore: Engine exit requested (reason: Failed to find commandlet class VisualStudioToolsCommandlet)
[2023.11.15-21.12.36:736][  0]LogCore: Engine exit requested (reason: EngineExit() was called; note: exit was already requested)
[2023.11.15-21.12.36:736][  0]LogExit: Preparing to exit.
[2023.11.15-21.12.36:792][  0]LogUObjectHash: Compacting FUObjectHashTables data took   1.51ms
[2023.11.15-21.12.36:938][  0]LogDemo: Cleaned up 0 splitscreen connections with owner deletion
[2023.11.15-21.12.37:048][  0]LogExit: Object subsystem successfully closed.
[2023.11.15-21.12.37:141][  0]LogModuleManager: Shutting down and abandoning module AudioSynesthesiaEditor (596)
[2023.11.15-21.12.37:141][  0]LogModuleManager: Shutting down and abandoning module OculusEditor (594)
[2023.11.15-21.12.37:141][  0]LogModuleManager: Shutting down and abandoning module OculusInput (592)
[2023.11.15-21.12.37:141][  0]LogModuleManager: Shutting down and abandoning module ContentBrowserFileDataSource (590)
[2023.11.15-21.12.37:141][  0]LogModuleManager: Shutting down and abandoning module ContentBrowserClassDataSource (588)
[2023.11.15-21.12.37:141][  0]LogModuleManager: Shutting down and abandoning module ContentBrowserAssetDataSource (586)
[2023.11.15-21.12.37:141][  0]LogModuleManager: Shutting down and abandoning module ToolMenus (585)
[2023.11.15-21.12.37:141][  0]LogModuleManager: Shutting down and abandoning module MaterialAnalyzer (582)
[2023.11.15-21.12.37:141][  0]LogModuleManager: Shutting down and abandoning module TakeSequencer (580)
[2023.11.15-21.12.37:141][  0]LogModuleManager: Shutting down and abandoning module TakeMovieScene (578)
[2023.11.15-21.12.37:141][  0]LogModuleManager: Shutting down and abandoning module ScreenshotTools (576)
[2023.11.15-21.12.37:141][  0]LogModuleManager: Shutting down and abandoning module SynthesisEditor (574)
[2023.11.15-21.12.37:141][  0]LogModuleManager: Shutting down and abandoning module Synthesis (572)
[2023.11.15-21.12.37:141][  0]LogModuleManager: Shutting down and abandoning module ProceduralMeshComponentEditor (570)
[2023.11.15-21.12.37:141][  0]LogModuleManager: Shutting down and abandoning module ProceduralMeshComponent (568)
[2023.11.15-21.12.37:141][  0]LogModuleManager: Shutting down and abandoning module OpenXREditor (566)
[2023.11.15-21.12.37:142][  0]LogModuleManager: Shutting down and abandoning module MobilePatchingUtils (564)
[2023.11.15-21.12.37:142][  0]LogModuleManager: Shutting down and abandoning module GooglePAD (562)
[2023.11.15-21.12.37:142][  0]LogModuleManager: Shutting down and abandoning module EditableMesh (560)
[2023.11.15-21.12.37:142][  0]LogModuleManager: Shutting down and abandoning module CustomMeshComponent (558)
[2023.11.15-21.12.37:142][  0]LogModuleManager: Shutting down and abandoning module CableComponent (556)
[2023.11.15-21.12.37:142][  0]LogModuleManager: Shutting down and abandoning module AudioCapture (554)
[2023.11.15-21.12.37:142][  0]LogModuleManager: Shutting down and abandoning module AudioCaptureRtAudio (553)
[2023.11.15-21.12.37:142][  0]LogModuleManager: Shutting down and abandoning module AssetTags (550)
[2023.11.15-21.12.37:142][  0]LogModuleManager: Shutting down and abandoning module ArchVisCharacter (548)
[2023.11.15-21.12.37:142][  0]LogModuleManager: Shutting down and abandoning module AppleImageUtilsBlueprintSupport (546)
[2023.11.15-21.12.37:142][  0]LogModuleManager: Shutting down and abandoning module AppleImageUtils (544)
[2023.11.15-21.12.37:142][  0]LogModuleManager: Shutting down and abandoning module AndroidPermission (542)
[2023.11.15-21.12.37:142][  0]LogModuleManager: Shutting down and abandoning module ActorLayerUtilitiesEditor (540)
[2023.11.15-21.12.37:142][  0]LogModuleManager: Shutting down and abandoning module ActorLayerUtilities (538)
[2023.11.15-21.12.37:142][  0]LogModuleManager: Shutting down and abandoning module TemplateSequence (536)
[2023.11.15-21.12.37:142][  0]LogModuleManager: Shutting down and abandoning module OpenImageDenoise (534)
[2023.11.15-21.12.37:142][  0]LogOpenImageDenoise: OIDN shutting down
[2023.11.15-21.12.37:142][  0]LogModuleManager: Shutting down and abandoning module MotoSynthEditor (532)
[2023.11.15-21.12.37:142][  0]LogModuleManager: Shutting down and abandoning module MotoSynth (530)
[2023.11.15-21.12.37:142][  0]LogModuleManager: Shutting down and abandoning module MeshConversion (528)
[2023.11.15-21.12.37:142][  0]LogModuleManager: Shutting down and abandoning module DynamicMesh (526)
[2023.11.15-21.12.37:142][  0]LogModuleManager: Shutting down and abandoning module GeometryAlgorithms (524)
[2023.11.15-21.12.37:142][  0]LogModuleManager: Shutting down and abandoning module GeometricObjects (522)
[2023.11.15-21.12.37:142][  0]LogModuleManager: Shutting down and abandoning module GeometryCollectionTracks (520)
[2023.11.15-21.12.37:142][  0]LogModuleManager: Shutting down and abandoning module GeometryCollectionSequencer (519)
[2023.11.15-21.12.37:142][  0]LogModuleManager: Shutting down and abandoning module GeometryCollectionEditor (516)
[2023.11.15-21.12.37:143][  0]LogModuleManager: Shutting down and abandoning module GeometryCacheTracks (514)
[2023.11.15-21.12.37:143][  0]LogModuleManager: Shutting down and abandoning module GeometryCacheStreamer (512)
[2023.11.15-21.12.37:143][  0]LogModuleManager: Shutting down and abandoning module GeometryCacheSequencer (510)
[2023.11.15-21.12.37:143][  0]LogModuleManager: Shutting down and abandoning module ChaosSolverEditor (508)
[2023.11.15-21.12.37:143][  0]LogModuleManager: Shutting down and abandoning module ChaosNiagara (506)
[2023.11.15-21.12.37:143][  0]LogModuleManager: Shutting down and abandoning module FractureEditor (504)
[2023.11.15-21.12.37:143][  0]LogModuleManager: Shutting down and abandoning module FieldSystemEngine (503)
[2023.11.15-21.12.37:143][  0]LogModuleManager: Shutting down and abandoning module ChaosClothEditor (500)
[2023.11.15-21.12.37:143][  0]LogModuleManager: Shutting down and abandoning module AutomationUtilsEditor (498)
[2023.11.15-21.12.37:143][  0]LogModuleManager: Shutting down and abandoning module AutomationUtils (496)
[2023.11.15-21.12.37:143][  0]LogModuleManager: Shutting down and abandoning module AlembicImporter (494)
[2023.11.15-21.12.37:143][  0]LogModuleManager: Shutting down and abandoning module AlembicLibrary (493)
[2023.11.15-21.12.37:143][  0]LogModuleManager: Shutting down and abandoning module GeometryCache (492)
[2023.11.15-21.12.37:143][  0]LogModuleManager: Shutting down and abandoning module GeometryCacheEd (491)
[2023.11.15-21.12.37:143][  0]LogModuleManager: Shutting down and abandoning module MediaCompositing (486)
[2023.11.15-21.12.37:143][  0]LogModuleManager: Shutting down and abandoning module MagicLeapSharedWorld (484)
[2023.11.15-21.12.37:143][  0]LogModuleManager: Shutting down and abandoning module MagicLeapLightEstimation (482)
[2023.11.15-21.12.37:143][  0]LogModuleManager: Shutting down and abandoning module MagicLeapHelperVulkan (480)
[2023.11.15-21.12.37:143][  0]LogModuleManager: Shutting down and abandoning module MagicLeapHelperOpenGL (478)
[2023.11.15-21.12.37:143][  0]LogModuleManager: Shutting down and abandoning module MagicLeapAudio (476)
[2023.11.15-21.12.37:143][  0]LogModuleManager: Shutting down and abandoning module NiagaraEditorWidgets (474)
[2023.11.15-21.12.37:143][  0]LogModuleManager: Shutting down and abandoning module DatasmithContentEditor (472)
[2023.11.15-21.12.37:143][  0]LogModuleManager: Shutting down and abandoning module VariantManagerContentEditor (470)
[2023.11.15-21.12.37:144][  0]LogModuleManager: Shutting down and abandoning module VisualStudioSourceCodeAccess (468)
[2023.11.15-21.12.37:144][  0]LogModuleManager: Shutting down and abandoning module VisualStudioCodeSourceCodeAccess (466)
[2023.11.15-21.12.37:144][  0]LogModuleManager: Shutting down and abandoning module SpeedTreeImporter (464)
[2023.11.15-21.12.37:144][  0]LogModuleManager: Shutting down and abandoning module UObjectPlugin (462)
[2023.11.15-21.12.37:144][  0]LogModuleManager: Shutting down and abandoning module PluginBrowser (460)
[2023.11.15-21.12.37:144][  0]LogModuleManager: Shutting down and abandoning module MobileLauncherProfileWizard (458)
[2023.11.15-21.12.37:144][  0]LogModuleManager: Shutting down and abandoning module PerforceSourceControl (456)
[2023.11.15-21.12.37:144][  0]LogModuleManager: Shutting down and abandoning module SubversionSourceControl (454)
[2023.11.15-21.12.37:144][  0]LogModuleManager: Shutting down and abandoning module CurveEditorTools (452)
[2023.11.15-21.12.37:144][  0]LogModuleManager: Shutting down and abandoning module CryptoKeysOpenSSL (450)
[2023.11.15-21.12.37:144][  0]LogModuleManager: Shutting down and abandoning module CryptoKeys (448)
[2023.11.15-21.12.37:144][  0]LogModuleManager: Shutting down and abandoning module PluginUtils (446)
[2023.11.15-21.12.37:144][  0]LogModuleManager: Shutting down and abandoning module PlasticSourceControl (444)
[2023.11.15-21.12.37:144][  0]LogModuleManager: Shutting down and abandoning module GitSourceControl (442)
[2023.11.15-21.12.37:144][  0]LogModuleManager: Shutting down and abandoning module SourceControl (441)
[2023.11.15-21.12.37:144][  0]LogModuleManager: Shutting down and abandoning module CLionSourceCodeAccess (438)
[2023.11.15-21.12.37:144][  0]LogModuleManager: Shutting down and abandoning module AnimationSharingEd (436)
[2023.11.15-21.12.37:144][  0]LogModuleManager: Shutting down and abandoning module OodleNetworkHandlerComponent (434)
[2023.11.15-21.12.37:144][  0]LogModuleManager: Shutting down and abandoning module LightPropagationVolumeEditor (432)
[2023.11.15-21.12.37:144][  0]LogModuleManager: Shutting down and abandoning module LiveLinkSequencer (430)
[2023.11.15-21.12.37:144][  0]LogModuleManager: Shutting down and abandoning module LiveLinkMovieScene (428)
[2023.11.15-21.12.37:145][  0]LogModuleManager: Shutting down and abandoning module LiveLinkGraphNode (426)
[2023.11.15-21.12.37:145][  0]LogModuleManager: Shutting down and abandoning module LiveLinkEditor (424)
[2023.11.15-21.12.37:145][  0]LogModuleManager: Shutting down and abandoning module LiveLinkComponents (422)
[2023.11.15-21.12.37:145][  0]LogModuleManager: Shutting down and abandoning module LiveLink (420)
[2023.11.15-21.12.37:353][  0]LogModuleManager: Shutting down and abandoning module PaperTiledImporter (418)
[2023.11.15-21.12.37:354][  0]LogModuleManager: Shutting down and abandoning module PaperSpriteSheetImporter (416)
[2023.11.15-21.12.37:354][  0]LogModuleManager: Shutting down and abandoning module Paper2DEditor (414)
[2023.11.15-21.12.37:354][  0]LogModuleManager: Shutting down and abandoning module MeshPaintingToolset (412)
[2023.11.15-21.12.37:354][  0]LogModuleManager: Shutting down and abandoning module MeshPaintEditorMode (410)
[2023.11.15-21.12.37:354][  0]LogModuleManager: Shutting down and abandoning module FPS_CPP (408)
[2023.11.15-21.12.37:354][  0]LogModuleManager: Shutting down and abandoning module AnimGraph (407)
[2023.11.15-21.12.37:354][  0]LogModuleManager: Shutting down and abandoning module TcpMessaging (404)
[2023.11.15-21.12.37:354][  0]LogModuleManager: Shutting down and abandoning module UdpMessaging (402)
[2023.11.15-21.12.37:354][  0]LogModuleManager: Shutting down and abandoning module SoundFields (400)
[2023.11.15-21.12.37:354][  0]LogModuleManager: Shutting down and abandoning module SignificanceManager (398)
[2023.11.15-21.12.37:354][  0]LogModuleManager: Shutting down and abandoning module RuntimePhysXCooking (396)
[2023.11.15-21.12.37:355][  0]LogModuleManager: Shutting down and abandoning module PropertyAccessEditor (394)
[2023.11.15-21.12.37:355][  0]LogModuleManager: Shutting down and abandoning module PhysXVehiclesEditor (392)
[2023.11.15-21.12.37:355][  0]LogModuleManager: Shutting down and abandoning module LocationServicesBPLibrary (388)
[2023.11.15-21.12.37:355][  0]LogModuleManager: Shutting down and abandoning module AudioSynesthesia (386)
[2023.11.15-21.12.37:355][  0]LogModuleManager: Shutting down and abandoning module AudioSynesthesiaCore (384)
[2023.11.15-21.12.37:355][  0]LogModuleManager: Shutting down and abandoning module ActorSequence (382)
[2023.11.15-21.12.37:355][  0]LogModuleManager: Shutting down and abandoning module PythonScriptPlugin (380)
[2023.11.15-21.12.37:355][  0]LogModuleManager: Shutting down and abandoning module EnvironmentQueryEditor (378)
[2023.11.15-21.12.37:355][  0]LogModuleManager: Shutting down and abandoning module MagicLeapARPin (376)
[2023.11.15-21.12.37:355][  0]LogModuleManager: Shutting down and abandoning module MagicLeapHandMeshing (374)
[2023.11.15-21.12.37:356][  0]LogModuleManager: Shutting down and abandoning module MagicLeapSecureStorage (372)
[2023.11.15-21.12.37:356][  0]LogModuleManager: Shutting down and abandoning module MagicLeapPrivileges (370)
[2023.11.15-21.12.37:356][  0]LogModuleManager: Shutting down and abandoning module MagicLeapPlanes (368)
[2023.11.15-21.12.37:356][  0]LogMagicLeapPlanes: Planes tracker already destroyed.
[2023.11.15-21.12.37:357][  0]LogModuleManager: Shutting down and abandoning module MagicLeapImageTracker (366)
[2023.11.15-21.12.37:357][  0]LogModuleManager: Shutting down and abandoning module MagicLeapIdentity (364)
[2023.11.15-21.12.37:357][  0]LogModuleManager: Shutting down and abandoning module MagicLeapHandTracking (362)
[2023.11.15-21.12.37:357][  0]LogModuleManager: Shutting down and abandoning module MagicLeapEyeTracker (360)
[2023.11.15-21.12.37:357][  0]LogModuleManager: Shutting down and abandoning module MagicLeapController (358)
[2023.11.15-21.12.37:357][  0]LogModuleManager: Shutting down and abandoning module MagicLeapARPinImpl (356)
[2023.11.15-21.12.37:357][  0]LogModuleManager: Shutting down and abandoning module MagicLeapAR (354)
[2023.11.15-21.12.37:357][  0]LogModuleManager: Shutting down and abandoning module NiagaraAnimNotifies (352)
[2023.11.15-21.12.37:357][  0]LogModuleManager: Shutting down and abandoning module Niagara (350)
[2023.11.15-21.12.37:357][  0]LogModuleManager: Shutting down and abandoning module SignalProcessing (349)
[2023.11.15-21.12.37:357][  0]LogModuleManager: Shutting down and abandoning module NiagaraEditor (347)
[2023.11.15-21.12.37:358][  0]LogModuleManager: Shutting down and abandoning module NiagaraCore (344)
[2023.11.15-21.12.37:358][  0]LogModuleManager: Shutting down and abandoning module GameplayTagsEditor (342)
[2023.11.15-21.12.37:358][  0]LogModuleManager: Shutting down and abandoning module FacialAnimationEditor (340)
[2023.11.15-21.12.37:358][  0]LogModuleManager: Shutting down and abandoning module FacialAnimation (338)
[2023.11.15-21.12.37:358][  0]LogModuleManager: Shutting down and abandoning module DataValidation (336)
[2023.11.15-21.12.37:358][  0]LogModuleManager: Shutting down and abandoning module PropertyAccessNode (334)
[2023.11.15-21.12.37:358][  0]LogModuleManager: Shutting down and abandoning module AssetManagerEditor (332)
[2023.11.15-21.12.37:358][  0]LogModuleManager: Shutting down and abandoning module TreeMap (331)
[2023.11.15-21.12.37:358][  0]LogModuleManager: Shutting down and abandoning module AnimationSharing (328)
[2023.11.15-21.12.37:358][  0]LogModuleManager: Shutting down and abandoning module GameplayCameras (326)
[2023.11.15-21.12.37:358][  0]LogModuleManager: Shutting down and abandoning module LightPropagationVolumeRuntime (324)
[2023.11.15-21.12.37:358][  0]LogModuleManager: Shutting down and abandoning module Paper2D (322)
[2023.11.15-21.12.37:358][  0]LogModuleManager: Shutting down and abandoning module NetworkReplayStreaming (320)
[2023.11.15-21.12.37:358][  0]LogModuleManager: Shutting down and abandoning module PacketHandler (318)
[2023.11.15-21.12.37:358][  0]LogModuleManager: Shutting down and abandoning module ClothingSystemEditor (316)
[2023.11.15-21.12.37:358][  0]LogModuleManager: Shutting down and abandoning module ClothingSystemRuntimeNv (314)
[2023.11.15-21.12.37:358][  0]LogModuleManager: Shutting down and abandoning module MediaAssets (312)
[2023.11.15-21.12.37:358][  0]LogModuleManager: Shutting down and abandoning module Overlay (310)
[2023.11.15-21.12.37:358][  0]LogModuleManager: Shutting down and abandoning module OverlayEditor (309)
[2023.11.15-21.12.37:358][  0]LogModuleManager: Shutting down and abandoning module Blutility (306)
[2023.11.15-21.12.37:358][  0]LogModuleManager: Shutting down and abandoning module LevelEditor (305)
[2023.11.15-21.12.37:359][  0]LogModuleManager: Shutting down and abandoning module PixelInspectorModule (304)
[2023.11.15-21.12.37:359][  0]LogModuleManager: Shutting down and abandoning module CommonMenuExtensions (302)
[2023.11.15-21.12.37:359][  0]LogModuleManager: Shutting down and abandoning module MainFrame (300)
[2023.11.15-21.12.37:360][  0]LogModuleManager: Shutting down and abandoning module HotReload (299)
[2023.11.15-21.12.37:360][  0]LogModuleManager: Shutting down and abandoning module ContentBrowser (295)
[2023.11.15-21.12.37:360][  0]LogModuleManager: Shutting down and abandoning module CollectionManager (294)
[2023.11.15-21.12.37:361][  0]LogModuleManager: Shutting down and abandoning module ContentBrowserData (292)
[2023.11.15-21.12.37:361][  0]LogModuleManager: Shutting down and abandoning module IntroTutorials (288)
[2023.11.15-21.12.37:361][  0]LogModuleManager: Shutting down and abandoning module VREditor (286)
[2023.11.15-21.12.37:361][  0]LogModuleManager: Shutting down and abandoning module StringTableEditor (284)
[2023.11.15-21.12.37:361][  0]LogModuleManager: Shutting down and abandoning module GameplayTasksEditor (282)
[2023.11.15-21.12.37:361][  0]LogModuleManager: Shutting down and abandoning module BehaviorTreeEditor (280)
[2023.11.15-21.12.37:361][  0]LogModuleManager: Shutting down and abandoning module FunctionalTesting (278)
[2023.11.15-21.12.37:361][  0]LogModuleManager: Shutting down and abandoning module CollisionAnalyzer (276)
[2023.11.15-21.12.37:361][  0]LogModuleManager: Shutting down and abandoning module WorkspaceMenuStructure (275)
[2023.11.15-21.12.37:361][  0]LogModuleManager: Shutting down and abandoning module UMG (272)
[2023.11.15-21.12.37:361][  0]LogModuleManager: Shutting down and abandoning module UMGEditor (271)
[2023.11.15-21.12.37:361][  0]LogModuleManager: Shutting down and abandoning module MessageLog (269)
[2023.11.15-21.12.37:361][  0]LogModuleManager: Shutting down and abandoning module SlateReflector (264)
[2023.11.15-21.12.37:362][  0]LogModuleManager: Shutting down and abandoning module Slate (262)
[2023.11.15-21.12.37:362][  0]LogModuleManager: Shutting down and abandoning module SlateCore (260)
[2023.11.15-21.12.37:363][  0]LogModuleManager: Shutting down and abandoning module LandscapeEditorUtilities (258)
[2023.11.15-21.12.37:363][  0]LogModuleManager: Shutting down and abandoning module UnrealEd (256)
[2023.11.15-21.12.37:363][  0]LogModuleManager: Shutting down and abandoning module MRMesh (254)
[2023.11.15-21.12.37:363][  0]LogModuleManager: Shutting down and abandoning module SourceCodeAccess (252)
[2023.11.15-21.12.37:363][  0]LogModuleManager: Shutting down and abandoning module HeadMountedDisplay (250)
[2023.11.15-21.12.37:364][  0]LogModuleManager: Shutting down and abandoning module XAudio2 (248)
[2023.11.15-21.12.37:364][  0]LogModuleManager: Shutting down and abandoning module Networking (246)
[2023.11.15-21.12.37:364][  0]LogModuleManager: Shutting down and abandoning module Core (244)
[2023.11.15-21.12.37:364][  0]LogModuleManager: Shutting down and abandoning module MaterialEditor (242)
[2023.11.15-21.12.37:364][  0]LogModuleManager: Shutting down and abandoning module Settings (241)
[2023.11.15-21.12.37:364][  0]LogModuleManager: Shutting down and abandoning module MovieSceneTools (238)
[2023.11.15-21.12.37:364][  0]LogModuleManager: Shutting down and abandoning module CurveEditor (237)
[2023.11.15-21.12.37:364][  0]LogModuleManager: Shutting down and abandoning module Sequencer (235)
[2023.11.15-21.12.37:365][  0]LogModuleManager: Shutting down and abandoning module EditorStyle (234)
[2023.11.15-21.12.37:366][  0]LogModuleManager: Shutting down and abandoning module KismetCompiler (230)
[2023.11.15-21.12.37:367][  0]LogModuleManager: Shutting down and abandoning module MeshBuilder (228)
[2023.11.15-21.12.37:367][  0]LogModuleManager: Shutting down and abandoning module MeshUtilities (226)
[2023.11.15-21.12.37:367][  0]LogModuleManager: Shutting down and abandoning module MeshMergeUtilities (225)
[2023.11.15-21.12.37:367][  0]LogModuleManager: Shutting down and abandoning module MeshReductionInterface (224)
[2023.11.15-21.12.37:367][  0]LogModuleManager: Shutting down and abandoning module MeshBoneReduction (223)
[2023.11.15-21.12.37:367][  0]LogModuleManager: Shutting down and abandoning module SkeletalMeshReduction (221)
[2023.11.15-21.12.37:367][  0]LogModuleManager: Shutting down and abandoning module ProxyLODMeshReduction (219)
[2023.11.15-21.12.37:367][  0]LogModuleManager: Shutting down and abandoning module QuadricMeshReduction (217)
[2023.11.15-21.12.37:367][  0]LogModuleManager: Shutting down and abandoning module MaterialBaking (213)
[2023.11.15-21.12.37:367][  0]LogModuleManager: Shutting down and abandoning module DirectoryWatcher (209)
[2023.11.15-21.12.37:367][  0]LogModuleManager: Shutting down and abandoning module NullInstallBundleManager (206)
[2023.11.15-21.12.37:367][  0]LogModuleManager: Shutting down and abandoning module DerivedDataCache (204)
[2023.11.15-21.12.37:367][  0]LogModuleManager: Shutting down and abandoning module TargetPlatform (202)
[2023.11.15-21.12.37:367][  0]LogModuleManager: Shutting down and abandoning module VulkanShaderFormat (201)
[2023.11.15-21.12.37:368][  0]LogModuleManager: Shutting down and abandoning module ShaderFormatVectorVM (199)
[2023.11.15-21.12.37:368][  0]LogModuleManager: Shutting down and abandoning module ShaderFormatOpenGL (197)
[2023.11.15-21.12.37:368][  0]LogModuleManager: Shutting down and abandoning module ShaderFormatD3D (195)
[2023.11.15-21.12.37:368][  0]LogModuleManager: Shutting down and abandoning module MetalShaderFormat (193)
[2023.11.15-21.12.37:368][  0]LogModuleManager: Shutting down and abandoning module TextureFormatOodle (191)
[2023.11.15-21.12.37:368][  0]LogModuleManager: Shutting down and abandoning module TextureFormatUncompressed (189)
[2023.11.15-21.12.37:368][  0]LogModuleManager: Shutting down and abandoning module TextureFormatPVR (187)
[2023.11.15-21.12.37:368][  0]LogModuleManager: Shutting down and abandoning module TextureFormatETC2 (185)
[2023.11.15-21.12.37:368][  0]LogModuleManager: Shutting down and abandoning module TextureFormatDXT (183)
[2023.11.15-21.12.37:368][  0]LogModuleManager: Shutting down and abandoning module TextureFormatIntelISPCTexComp (181)
[2023.11.15-21.12.37:368][  0]LogModuleManager: Shutting down and abandoning module TextureFormatASTC (179)
[2023.11.15-21.12.37:368][  0]LogModuleManager: Shutting down and abandoning module ImageWrapper (178)
[2023.11.15-21.12.37:368][  0]LogModuleManager: Shutting down and abandoning module AudioFormatOpus (175)
[2023.11.15-21.12.37:368][  0]LogModuleManager: Shutting down and abandoning module AudioFormatOgg (173)
[2023.11.15-21.12.37:368][  0]LogModuleManager: Shutting down and abandoning module AudioFormatADPCM (171)
[2023.11.15-21.12.37:369][  0]LogModuleManager: Shutting down and abandoning module WindowsServerTargetPlatform (169)
[2023.11.15-21.12.37:369][  0]LogModuleManager: Shutting down and abandoning module WindowsClientTargetPlatform (167)
[2023.11.15-21.12.37:369][  0]LogModuleManager: Shutting down and abandoning module WindowsTargetPlatform (165)
[2023.11.15-21.12.37:369][  0]LogModuleManager: Shutting down and abandoning module WindowsNoEditorTargetPlatform (163)
[2023.11.15-21.12.37:369][  0]LogModuleManager: Shutting down and abandoning module TVOSTargetPlatform (161)
[2023.11.15-21.12.37:370][  0]LogModuleManager: Shutting down and abandoning module MacServerTargetPlatform (159)
[2023.11.15-21.12.37:370][  0]LogModuleManager: Shutting down and abandoning module MacClientTargetPlatform (157)
[2023.11.15-21.12.37:370][  0]LogModuleManager: Shutting down and abandoning module MacTargetPlatform (155)
[2023.11.15-21.12.37:370][  0]LogModuleManager: Shutting down and abandoning module MacNoEditorTargetPlatform (153)
[2023.11.15-21.12.37:370][  0]LogModuleManager: Shutting down and abandoning module LuminTargetPlatform (151)
[2023.11.15-21.12.37:371][  0]LogModuleManager: Shutting down and abandoning module LinuxAArch64ServerTargetPlatform (149)
[2023.11.15-21.12.37:371][  0]LogModuleManager: Shutting down and abandoning module LinuxAArch64ClientTargetPlatform (147)
[2023.11.15-21.12.37:371][  0]LogModuleManager: Shutting down and abandoning module LinuxAArch64NoEditorTargetPlatform (145)
[2023.11.15-21.12.37:371][  0]LogModuleManager: Shutting down and abandoning module LinuxServerTargetPlatform (143)
[2023.11.15-21.12.37:371][  0]LogModuleManager: Shutting down and abandoning module LinuxClientTargetPlatform (141)
[2023.11.15-21.12.37:371][  0]LogModuleManager: Shutting down and abandoning module LinuxNoEditorTargetPlatform (139)
[2023.11.15-21.12.37:371][  0]LogModuleManager: Shutting down and abandoning module LinuxTargetPlatform (137)
[2023.11.15-21.12.37:371][  0]LogModuleManager: Shutting down and abandoning module Messaging (135)
[2023.11.15-21.12.37:371][  0]LogModuleManager: Shutting down and abandoning module IOSTargetPlatform (133)
[2023.11.15-21.12.37:373][  0]LogModuleManager: Shutting down and abandoning module AndroidTargetPlatform (131)
[2023.11.15-21.12.37:380][  0]LogModuleManager: Shutting down and abandoning module AllDesktopTargetPlatform (129)
[2023.11.15-21.12.37:381][  0]LogModuleManager: Shutting down and abandoning module NullDrv (126)
[2023.11.15-21.12.37:381][  0]LogModuleManager: Shutting down and abandoning module PhysXCooking (124)
[2023.11.15-21.12.37:381][  0]LogModuleManager: Shutting down and abandoning module Chaos (122)
[2023.11.15-21.12.37:381][  0]LogModuleManager: Shutting down and abandoning module WindowsPlatformFeatures (120)
[2023.11.15-21.12.37:381][  0]LogModuleManager: Shutting down and abandoning module GameplayMediaEncoder (119)
[2023.11.15-21.12.37:381][  0]LogModuleManager: Shutting down and abandoning module AVEncoder (118)
[2023.11.15-21.12.37:381][  0]LogModuleManager: Shutting down and abandoning module ExampleDeviceProfileSelector (114)
[2023.11.15-21.12.37:381][  0]LogModuleManager: Shutting down and abandoning module SteamVRInputDevice (112)
[2023.11.15-21.12.37:381][  0]LogModuleManager: Shutting down and abandoning module SteamVRInput (110)
[2023.11.15-21.12.37:381][  0]LogModuleManager: Shutting down and abandoning module SteamVR (108)
[2023.11.15-21.12.37:381][  0]LogHMD: Freeing OpenVRDLLHandle.
[2023.11.15-21.12.37:381][  0]LogModuleManager: Shutting down and abandoning module OculusHMD (106)
[2023.11.15-21.12.37:381][  0]LogModuleManager: Shutting down and abandoning module OpenXRHandTracking (104)
[2023.11.15-21.12.37:381][  0]LogModuleManager: Shutting down and abandoning module OpenXREyeTracker (102)
[2023.11.15-21.12.37:381][  0]LogModuleManager: Shutting down and abandoning module OpenXRAR (100)
[2023.11.15-21.12.37:381][  0]LogModuleManager: Shutting down and abandoning module AugmentedReality (99)
[2023.11.15-21.12.37:381][  0]LogModuleManager: Shutting down and abandoning module OpenXRHMD (96)
[2023.11.15-21.12.37:381][  0]LogModuleManager: Shutting down and abandoning module ChunkDownloader (94)
[2023.11.15-21.12.37:381][  0]LogModuleManager: Shutting down and abandoning module LauncherChunkInstaller (92)
[2023.11.15-21.12.37:381][  0]LogModuleManager: Shutting down and abandoning module OnlineBlueprintSupport (90)
[2023.11.15-21.12.37:381][  0]LogModuleManager: Shutting down and abandoning module OnlineSubsystem (86)
[2023.11.15-21.12.37:383][  0]LogModuleManager: Shutting down and abandoning module XMPP (81)
[2023.11.15-21.12.37:383][  0]LogModuleManager: Shutting down and abandoning module WebSockets (80)
[2023.11.15-21.12.37:415][  0]LogModuleManager: Shutting down and abandoning module HTTP (77)
[2023.11.15-21.12.37:415][  0]LogHttp: Display: cleaning up 0 outstanding Http requests.
[2023.11.15-21.12.37:442][  0]LogModuleManager: Shutting down and abandoning module SSL (76)
[2023.11.15-21.12.37:443][  0]LogModuleManager: Shutting down and abandoning module ChaosCloth (72)
[2023.11.15-21.12.37:443][  0]LogModuleManager: Shutting down and abandoning module WmfMedia (70)
[2023.11.15-21.12.37:446][  0]LogModuleManager: Shutting down and abandoning module Media (69)
[2023.11.15-21.12.37:447][  0]LogModuleManager: Shutting down and abandoning module MediaInfo (68)
[2023.11.15-21.12.37:447][  0]LogModuleManager: Shutting down and abandoning module ExrReaderGpu (64)
[2023.11.15-21.12.37:447][  0]LogModuleManager: Shutting down and abandoning module MLSDK (62)
[2023.11.15-21.12.37:447][  0]LogModuleManager: Shutting down and abandoning module MagicLeap (60)
[2023.11.15-21.12.37:447][  0]LogModuleManager: Shutting down and abandoning module AISupportModule (58)
[2023.11.15-21.12.37:447][  0]LogModuleManager: Shutting down and abandoning module NiagaraVertexFactories (56)
[2023.11.15-21.12.37:447][  0]LogModuleManager: Shutting down and abandoning module NiagaraShader (54)
[2023.11.15-21.12.37:447][  0]LogModuleManager: Shutting down and abandoning module DatasmithContent (52)
[2023.11.15-21.12.37:448][  0]LogModuleManager: Shutting down and abandoning module VariantManagerContent (50)
[2023.11.15-21.12.37:448][  0]LogModuleManager: Shutting down and abandoning module PixWinPlugin (48)
[2023.11.15-21.12.37:448][  0]LogModuleManager: Shutting down and abandoning module PlatformCryptoOpenSSL (46)
[2023.11.15-21.12.37:448][  0]LogModuleManager: Shutting down and abandoning module PlatformCryptoTypes (44)
[2023.11.15-21.12.37:448][  0]LogModuleManager: Shutting down and abandoning module PlatformCrypto (42)
[2023.11.15-21.12.37:448][  0]LogModuleManager: Shutting down and abandoning module PythonScriptPluginPreload (40)
[2023.11.15-21.12.37:448][  0]LogModuleManager: Shutting down and abandoning module OodleDataCompressionFormat (38)
[2023.11.15-21.12.37:448][  0]LogModuleManager: Shutting down and abandoning module XGEController (36)
[2023.11.15-21.12.37:449][  0]LogXGEController: Cannot use XGE Controller as Incredibuild is not installed on this machine.
[2023.11.15-21.12.37:449][  0]LogModuleManager: Shutting down and abandoning module AnimationModifiers (34)
[2023.11.15-21.12.37:449][  0]LogModuleManager: Shutting down and abandoning module AudioEditor (32)
[2023.11.15-21.12.37:449][  0]LogModuleManager: Shutting down and abandoning module PropertyEditor (31)
[2023.11.15-21.12.37:449][  0]LogModuleManager: Shutting down and abandoning module TextureCompressor (28)
[2023.11.15-21.12.37:449][  0]LogModuleManager: Shutting down and abandoning module RenderCore (26)
[2023.11.15-21.12.37:449][  0]LogModuleManager: Shutting down and abandoning module Landscape (24)
[2023.11.15-21.12.37:449][  0]LogModuleManager: Shutting down and abandoning module SlateRHIRenderer (22)
[2023.11.15-21.12.37:449][  0]LogModuleManager: Shutting down and abandoning module AnimGraphRuntime (20)
[2023.11.15-21.12.37:449][  0]LogModuleManager: Shutting down and abandoning module Renderer (18)
[2023.11.15-21.12.37:449][  0]LogModuleManager: Shutting down and abandoning module Engine (16)
[2023.11.15-21.12.37:449][  0]LogModuleManager: Shutting down and abandoning module CoreUObject (14)
[2023.11.15-21.12.37:449][  0]LogModuleManager: Shutting down and abandoning module NetworkFile (12)
[2023.11.15-21.12.37:450][  0]LogModuleManager: Shutting down and abandoning module CookedIterativeFile (10)
[2023.11.15-21.12.37:450][  0]LogModuleManager: Shutting down and abandoning module StreamingFile (8)
[2023.11.15-21.12.37:450][  0]LogModuleManager: Shutting down and abandoning module SandboxFile (6)
[2023.11.15-21.12.37:450][  0]LogModuleManager: Shutting down and abandoning module PakFile (4)
[2023.11.15-21.12.37:450][  0]LogModuleManager: Shutting down and abandoning module RSA (3)
[2023.11.15-21.12.37:699][  0]LogContentStreaming: Display: There are 1 unreleased StreamingManagers
[2023.11.15-21.12.37:755][  0]LogExit: Exiting.
[2023.11.15-21.12.37:788][  0]Log file closed, 11/15/23 15:12:37
